{
"Synplify Pro (R) Job Log" : {
	"Date" : "03:27:48    06-Jul-2024",
	"Working Directory" : "/home/user/SDR-HLS/5.NewModules/SquareRoot/combinatorial/amaranth/lattice/impl1",
	"CDPL Log file" : "-",
	"Install" : "/home/user/FPGA/tools/diamond/usr/local/diamond/3.13/synpbase"
},
"impl1" :{
   "Start Time" : "03:27:43",
   "Runtime" : "05s",
   "Executable Run Time" : "03s",
   "synthesis" : {
      "Start Time" : "03:27:43",
      "Runtime" : "05s",
      "Executable Run Time" : "03s",
      "compile" : {
         "Start Time" : "03:27:43",
         "Runtime" : "02s",
         "Executable Run Time" : "01s",
         "compile_flow" : {
            "Start Time" : "03:27:43",
            "Runtime" : "01s",
            "Executable Run Time" : "00s",
            "compiler" : {
               "executable" : "bin/c_hdl",
               "Run Directory" : "/home/user/SDR-HLS/5.NewModules/SquareRoot/combinatorial/amaranth/lattice/impl1",
               "Run State" : "Complete",
               "Return Code" : "0",
               "Has Errors" : "no",
               "Run Start Time" : "03:27:43",
               "Run Time" : "01s",
               "Exe Run Time" : "00s",
               "Memory Usage" : "33.532000",
               "CDPL" : "off",
               "Up-to-date (run skipped)" : "no"
            },
            "multi_srs_gen" : {
               "executable" : "bin/syn_nfilter",
               "Run Directory" : "/home/user/SDR-HLS/5.NewModules/SquareRoot/combinatorial/amaranth/lattice/impl1",
               "Run State" : "Complete",
               "Return Code" : "0",
               "Has Errors" : "no",
               "Run Start Time" : "03:27:44",
               "Run Time" : "00s",
               "Exe Run Time" : "00s",
               "Memory Usage" : "135.804000",
               "CDPL" : "off",
               "Up-to-date (run skipped)" : "no"
            }
         },
         "premap" : {
            "executable" : "bin/m_gen_lattice",
            "Run Directory" : "/home/user/SDR-HLS/5.NewModules/SquareRoot/combinatorial/amaranth/lattice/impl1",
            "Run State" : "Complete",
            "Return Code" : "1",
            "Has Errors" : "no",
            "Run Start Time" : "03:27:44",
            "Run Time" : "01s",
            "Exe Run Time" : "01s",
            "Memory Usage" : "296.476000",
            "CDPL" : "off",
            "Up-to-date (run skipped)" : "no"
         }
      },
      "map" : {
         "Start Time" : "03:27:46",
         "Runtime" : "02s",
         "Executable Run Time" : "02s",
         "fpga_mapper" : {
            "executable" : "bin/m_gen_lattice",
            "Run Directory" : "/home/user/SDR-HLS/5.NewModules/SquareRoot/combinatorial/amaranth/lattice/impl1",
            "Run State" : "Complete",
            "Return Code" : "1",
            "Has Errors" : "no",
            "Run Start Time" : "03:27:46",
            "Run Time" : "02s",
            "Exe Run Time" : "02s",
            "Memory Usage" : "304.252000",
            "CDPL" : "off",
            "Up-to-date (run skipped)" : "no"
         }
      }
   }
}
}