synthesis:  version Diamond (64-bit) 3.13.0.56.2

Copyright (c) 1991-1994 by NeoCAD Inc. All rights reserved.
Copyright (c) 1995 AT&T Corp.   All rights reserved.
Copyright (c) 1995-2001 Lucent Technologies Inc.  All rights reserved.
Copyright (c) 2001 Agere Systems   All rights reserved.
Copyright (c) 2002-2023 Lattice Semiconductor Corporation,  All rights reserved.
Wed Feb 28 16:19:56 2024


Command Line:  /home/user/FPGA/tools/diamond/usr/local/diamond/3.13/ispfpga/bin/lin64/synthesis -f SinCos.synproj -sdc /home/user/Master Thesis/1bitSDR/1bitSDRLatticeTest/IP/SinCos/SinCos.ldc -gui 

Synthesis options:
The -a option is ecp5u.
The -s option is 6.
The -t option is CABGA381.
The -d option is LFE5U-85F.
Using package CABGA381.
Using performance grade 6.
                                                          

##########################################################

### Lattice Family : ECP5U

### Device  : LFE5U-85F

### Package : CABGA381

### Speed   : 6

##########################################################

                                                          

INFO - synthesis: User-Selected Strategy Settings
Optimization goal = Balanced
Top-level module name = SinCos.
Target frequency = 200.000000 MHz.
Maximum fanout = 1000.
Timing path count = 3
BRAM utilization = 100.000000 %
DSP usage = true (default)
DSP utilization = 100 % (default)
fsm_encoding_style = auto
resolve_mixed_drivers = 0
fix_gated_clocks = 1

Mux style = Auto
Use Carry Chain = true
carry_chain_length = 0
Use IO Insertion = FALSE
Use IO Reg = FALSE (implied)
WARNING - synthesis: Cannot pack registers into I/Os because use_io_insertion is FALSE.
WARNING - synthesis: Ignoring user setting of use_io_reg. Value is set to FALSE.
Use IO Reg = FALSE
Resource Sharing = TRUE
Propagate Constants = TRUE
Remove Duplicate Registers = TRUE
force_gsr = auto
ROM style = auto
RAM style = auto
The -comp option is FALSE.
The -syn option is FALSE.
WARNING - synthesis: Searchpath /home/user/Master not found.
WARNING - synthesis: Searchpath Thesis/1bitSDR/1bitSDRLatticeTest/IP/SinCos not found.
Verilog design file = /home/user/FPGA/tools/diamond/usr/local/diamond/3.13/cae_library/synthesis/verilog/ecp5u.v
Verilog design file = /home/user/FPGA/tools/diamond/usr/local/diamond/3.13/cae_library/synthesis/verilog/pmi_def.v
Verilog design file = /home/user/Master Thesis/1bitSDR/1bitSDRLatticeTest/IP/SinCos/SinCos.v
NGO file = /home/user/Master Thesis/1bitSDR/1bitSDRLatticeTest/IP/SinCos/SinCos.ngo
WARNING - synthesis: Option -force_gsr will be set to false when option -output_edif/-ngo are set
-sdc option: SDC file input is /home/user/Master Thesis/1bitSDR/1bitSDRLatticeTest/IP/SinCos/SinCos.ldc.
-lpf option: Output file option is ON.
Hardtimer checking is enabled (default). The -dt option is not used.
The -r option is OFF. [ Remove LOC Properties is OFF. ]
Technology check ok...

Analyzing Verilog file /home/user/FPGA/tools/diamond/usr/local/diamond/3.13/ispfpga/userware/unix/SYNTHESIS_HEADERS/ecp5u.v. VERI-1482
Compile design.
Compile Design Begin
Analyzing Verilog file /home/user/FPGA/tools/diamond/usr/local/diamond/3.13/cae_library/synthesis/verilog/ecp5u.v. VERI-1482
Analyzing Verilog file /home/user/FPGA/tools/diamond/usr/local/diamond/3.13/cae_library/synthesis/verilog/pmi_def.v. VERI-1482
Analyzing Verilog file /home/user/Master Thesis/1bitSDR/1bitSDRLatticeTest/IP/SinCos/SinCos.v. VERI-1482
Analyzing Verilog file /home/user/FPGA/tools/diamond/usr/local/diamond/3.13/ispfpga/userware/unix/SYNTHESIS_HEADERS/ecp5u.v. VERI-1482
Top module name (Verilog): SinCos
INFO - synthesis: /home/user/Master Thesis/1bitSDR/1bitSDRLatticeTest/IP/SinCos/SinCos.v(8): compiling module SinCos. VERI-1018
INFO - synthesis: /home/user/FPGA/tools/diamond/usr/local/diamond/3.13/ispfpga/userware/unix/SYNTHESIS_HEADERS/ecp5u.v(367): compiling module INV. VERI-1018
INFO - synthesis: /home/user/FPGA/tools/diamond/usr/local/diamond/3.13/ispfpga/userware/unix/SYNTHESIS_HEADERS/ecp5u.v(810): compiling module XOR2. VERI-1018
INFO - synthesis: /home/user/FPGA/tools/diamond/usr/local/diamond/3.13/ispfpga/userware/unix/SYNTHESIS_HEADERS/ecp5u.v(710): compiling module ROM16X1A(initval=16'b1111111111111110). VERI-1018
INFO - synthesis: /home/user/FPGA/tools/diamond/usr/local/diamond/3.13/ispfpga/userware/unix/SYNTHESIS_HEADERS/ecp5u.v(25): compiling module AND2. VERI-1018
INFO - synthesis: /home/user/FPGA/tools/diamond/usr/local/diamond/3.13/ispfpga/userware/unix/SYNTHESIS_HEADERS/ecp5u.v(119): compiling module FD1P3DX. VERI-1018
INFO - synthesis: /home/user/FPGA/tools/diamond/usr/local/diamond/3.13/ispfpga/userware/unix/SYNTHESIS_HEADERS/ecp5u.v(458): compiling module MUX21. VERI-1018
INFO - synthesis: /home/user/FPGA/tools/diamond/usr/local/diamond/3.13/ispfpga/userware/unix/SYNTHESIS_HEADERS/ecp5u.v(76): compiling module CCU2C(INIT0=16'b0110011010101010,INIT1=16'b0110011010101010,INJECT1_0="NO",INJECT1_1="NO"). VERI-1018
INFO - synthesis: /home/user/FPGA/tools/diamond/usr/local/diamond/3.13/ispfpga/userware/unix/SYNTHESIS_HEADERS/ecp5u.v(742): compiling module ROM64X1A. VERI-1018
INFO - synthesis: /home/user/FPGA/tools/diamond/usr/local/diamond/3.13/ispfpga/userware/unix/SYNTHESIS_HEADERS/ecp5u.v(742): compiling module ROM64X1A(initval=64'b1111111111111111111111111111111111111111110000000000000000000000). VERI-1018
INFO - synthesis: /home/user/FPGA/tools/diamond/usr/local/diamond/3.13/ispfpga/userware/unix/SYNTHESIS_HEADERS/ecp5u.v(742): compiling module ROM64X1A(initval=64'b1111111111111111111111111111100000000000001111111111100000000000). VERI-1018
INFO - synthesis: /home/user/FPGA/tools/diamond/usr/local/diamond/3.13/ispfpga/userware/unix/SYNTHESIS_HEADERS/ecp5u.v(742): compiling module ROM64X1A(initval=64'b1111111111111111111100000000011111110000001111110000011111000000). VERI-1018
INFO - synthesis: /home/user/FPGA/tools/diamond/usr/local/diamond/3.13/ispfpga/userware/unix/SYNTHESIS_HEADERS/ecp5u.v(742): compiling module ROM64X1A(initval=64'b1111111111111100000011111000011110001110001110001110011100111000). VERI-1018
INFO - synthesis: /home/user/FPGA/tools/diamond/usr/local/diamond/3.13/ispfpga/userware/unix/SYNTHESIS_HEADERS/ecp5u.v(742): compiling module ROM64X1A(initval=64'b1111111111000011100011100110011001001101101101001001011010110100). VERI-1018
INFO - synthesis: /home/user/FPGA/tools/diamond/usr/local/diamond/3.13/ispfpga/userware/unix/SYNTHESIS_HEADERS/ecp5u.v(742): compiling module ROM64X1A(initval=64'b1111111000110011011010010101010100101001001001101100110001100110). VERI-1018
INFO - synthesis: /home/user/FPGA/tools/diamond/usr/local/diamond/3.13/ispfpga/userware/unix/SYNTHESIS_HEADERS/ecp5u.v(742): compiling module ROM64X1A(initval=64'b1111100100101010110011000000000001110011011010110101010110101010). VERI-1018
INFO - synthesis: /home/user/FPGA/tools/diamond/usr/local/diamond/3.13/ispfpga/userware/unix/SYNTHESIS_HEADERS/ecp5u.v(742): compiling module ROM64X1A(initval=64'b1110010110011100010101001111111101101010110011100000000011110000). VERI-1018
INFO - synthesis: /home/user/FPGA/tools/diamond/usr/local/diamond/3.13/ispfpga/userware/unix/SYNTHESIS_HEADERS/ecp5u.v(742): compiling module ROM64X1A(initval=64'b1101000010100011001111010111110011001100010101100000000011001100). VERI-1018
INFO - synthesis: /home/user/FPGA/tools/diamond/usr/local/diamond/3.13/ispfpga/userware/unix/SYNTHESIS_HEADERS/ecp5u.v(742): compiling module ROM64X1A(initval=64'b1111011011100010010110111011101001110011000000100111110010101010). VERI-1018
INFO - synthesis: /home/user/FPGA/tools/diamond/usr/local/diamond/3.13/ispfpga/userware/unix/SYNTHESIS_HEADERS/ecp5u.v(742): compiling module ROM64X1A(initval=64'b1000100101001010011001010111111001010010011110001001001001111000). VERI-1018
INFO - synthesis: /home/user/FPGA/tools/diamond/usr/local/diamond/3.13/ispfpga/userware/unix/SYNTHESIS_HEADERS/ecp5u.v(742): compiling module ROM64X1A(initval=64'b01). VERI-1018
INFO - synthesis: /home/user/FPGA/tools/diamond/usr/local/diamond/3.13/ispfpga/userware/unix/SYNTHESIS_HEADERS/ecp5u.v(742): compiling module ROM64X1A(initval=64'b01111111111111111111111111111111111111111110). VERI-1018
INFO - synthesis: /home/user/FPGA/tools/diamond/usr/local/diamond/3.13/ispfpga/userware/unix/SYNTHESIS_HEADERS/ecp5u.v(742): compiling module ROM64X1A(initval=64'b0111111111110000000000000111111111111111111111111111110). VERI-1018
INFO - synthesis: /home/user/FPGA/tools/diamond/usr/local/diamond/3.13/ispfpga/userware/unix/SYNTHESIS_HEADERS/ecp5u.v(742): compiling module ROM64X1A(initval=64'b011111000001111110000001111111000000000111111111111111111110). VERI-1018
INFO - synthesis: /home/user/FPGA/tools/diamond/usr/local/diamond/3.13/ispfpga/userware/unix/SYNTHESIS_HEADERS/ecp5u.v(742): compiling module ROM64X1A(initval=64'b011100111001110001110001110001111000011111000000111111111111110). VERI-1018
INFO - synthesis: /home/user/FPGA/tools/diamond/usr/local/diamond/3.13/ispfpga/userware/unix/SYNTHESIS_HEADERS/ecp5u.v(742): compiling module ROM64X1A(initval=64'b0101101011010010010110110110010011001100111000111000011111111110). VERI-1018
INFO - synthesis: /home/user/FPGA/tools/diamond/usr/local/diamond/3.13/ispfpga/userware/unix/SYNTHESIS_HEADERS/ecp5u.v(742): compiling module ROM64X1A(initval=64'b1100110001100110110010010010100101010101001011011001100011111110). VERI-1018
INFO - synthesis: /home/user/FPGA/tools/diamond/usr/local/diamond/3.13/ispfpga/userware/unix/SYNTHESIS_HEADERS/ecp5u.v(742): compiling module ROM64X1A(initval=64'b1010101101010101101011011001110000000000011001101010100100111110). VERI-1018
INFO - synthesis: /home/user/FPGA/tools/diamond/usr/local/diamond/3.13/ispfpga/userware/unix/SYNTHESIS_HEADERS/ecp5u.v(742): compiling module ROM64X1A(initval=64'b01111000000000111001101010110111111110010101000111001101001110). VERI-1018
INFO - synthesis: /home/user/FPGA/tools/diamond/usr/local/diamond/3.13/ispfpga/userware/unix/SYNTHESIS_HEADERS/ecp5u.v(742): compiling module ROM64X1A(initval=64'b0110011000000000110101000110011001111101011110011000101000010110). VERI-1018
INFO - synthesis: /home/user/FPGA/tools/diamond/usr/local/diamond/3.13/ispfpga/userware/unix/SYNTHESIS_HEADERS/ecp5u.v(742): compiling module ROM64X1A(initval=64'b1010101001111100100000011001110010111011101101001000111011011110). VERI-1018
INFO - synthesis: /home/user/FPGA/tools/diamond/usr/local/diamond/3.13/ispfpga/userware/unix/SYNTHESIS_HEADERS/ecp5u.v(742): compiling module ROM64X1A(initval=64'b011110010010010001111001001010011111101010011001010010100100010). VERI-1018
INFO - synthesis: /home/user/FPGA/tools/diamond/usr/local/diamond/3.13/ispfpga/userware/unix/SYNTHESIS_HEADERS/ecp5u.v(757): compiling module VHI. VERI-1018
INFO - synthesis: /home/user/FPGA/tools/diamond/usr/local/diamond/3.13/ispfpga/userware/unix/SYNTHESIS_HEADERS/ecp5u.v(761): compiling module VLO. VERI-1018
WARNING - synthesis: /home/user/Master Thesis/1bitSDR/1bitSDRLatticeTest/IP/SinCos/SinCos.v(704): input port CIN is not connected on this instance. VDB-1013
WARNING - synthesis: /home/user/Master Thesis/1bitSDR/1bitSDRLatticeTest/IP/SinCos/SinCos.v(868): input port CIN is not connected on this instance. VDB-1013
WARNING - synthesis: /home/user/Master Thesis/1bitSDR/1bitSDRLatticeTest/IP/SinCos/SinCos.v(938): input port CIN is not connected on this instance. VDB-1013
Loading NGL library '/home/user/FPGA/tools/diamond/usr/local/diamond/3.13/ispfpga/sa5p00/data/sa5plib.ngl'...
Loading NGL library '/home/user/FPGA/tools/diamond/usr/local/diamond/3.13/ispfpga/xo2c00/data/xo2clib.ngl'...
Loading NGL library '/home/user/FPGA/tools/diamond/usr/local/diamond/3.13/ispfpga/mg5g00/data/mg5glib.ngl'...
Loading NGL library '/home/user/FPGA/tools/diamond/usr/local/diamond/3.13/ispfpga/or5g00/data/orc5glib.ngl'...
Loading device for application map from file 'sa5p85.nph' in environment: /home/user/FPGA/tools/diamond/usr/local/diamond/3.13/ispfpga.
Package Status:                     Final          Version 1.37.
WARNING - synthesis: There are no design constraints in the file /home/user/Master Thesis/1bitSDR/1bitSDRLatticeTest/IP/SinCos/SinCos.ldc
Top-level module name = SinCos.
WARNING - synthesis: /home/user/Master Thesis/1bitSDR/1bitSDRLatticeTest/IP/SinCos/SinCos.v(307): Removing unused instance INV_0. VDB-5034
WARNING - synthesis: /home/user/Master Thesis/1bitSDR/1bitSDRLatticeTest/IP/SinCos/SinCos.v(930): Removing unused instance neg_rom_dout_s_nd. VDB-5034
WARNING - synthesis: /home/user/Master Thesis/1bitSDR/1bitSDRLatticeTest/IP/SinCos/SinCos.v(1004): Removing unused instance neg_rom_dout_c_nd. VDB-5034
WARNING - synthesis: There are no design constraints in the file /home/user/Master Thesis/1bitSDR/1bitSDRLatticeTest/IP/SinCos/SinCos.ldc
This ldc file was generated by Clarity Designer!

WARNING - synthesis: /home/user/Master Thesis/1bitSDR/1bitSDRLatticeTest/IP/SinCos/SinCos.v(229): Removing unused instance _6. VDB-5034
WARNING - synthesis: /home/user/Master Thesis/1bitSDR/1bitSDRLatticeTest/IP/SinCos/SinCos.v(231): Removing unused instance _7. VDB-5034
WARNING - synthesis: /home/user/Master Thesis/1bitSDR/1bitSDRLatticeTest/IP/SinCos/SinCos.v(233): Removing unused instance _8. VDB-5034
WARNING - synthesis: /home/user/Master Thesis/1bitSDR/1bitSDRLatticeTest/IP/SinCos/SinCos.v(235): Removing unused instance _9. VDB-5034
WARNING - synthesis: /home/user/Master Thesis/1bitSDR/1bitSDRLatticeTest/IP/SinCos/SinCos.v(237): Removing unused instance _10. VDB-5034
WARNING - synthesis: /home/user/Master Thesis/1bitSDR/1bitSDRLatticeTest/IP/SinCos/SinCos.v(239): Removing unused instance _11. VDB-5034
WARNING - synthesis: /home/user/Master Thesis/1bitSDR/1bitSDRLatticeTest/IP/SinCos/SinCos.v(241): Removing unused instance _12. VDB-5034
WARNING - synthesis: /home/user/Master Thesis/1bitSDR/1bitSDRLatticeTest/IP/SinCos/SinCos.v(243): Removing unused instance _13. VDB-5034
WARNING - synthesis: /home/user/Master Thesis/1bitSDR/1bitSDRLatticeTest/IP/SinCos/SinCos.v(245): Removing unused instance _14. VDB-5034
WARNING - synthesis: /home/user/Master Thesis/1bitSDR/1bitSDRLatticeTest/IP/SinCos/SinCos.v(247): Removing unused instance _15. VDB-5034
WARNING - synthesis: /home/user/Master Thesis/1bitSDR/1bitSDRLatticeTest/IP/SinCos/SinCos.v(249): Removing unused instance _16. VDB-5034
WARNING - synthesis: /home/user/Master Thesis/1bitSDR/1bitSDRLatticeTest/IP/SinCos/SinCos.v(251): Removing unused instance _17. VDB-5034
WARNING - synthesis: /home/user/Master Thesis/1bitSDR/1bitSDRLatticeTest/IP/SinCos/SinCos.v(253): Removing unused instance _18. VDB-5034
WARNING - synthesis: /home/user/Master Thesis/1bitSDR/1bitSDRLatticeTest/IP/SinCos/SinCos.v(255): Removing unused instance _19. VDB-5034
WARNING - synthesis: /home/user/Master Thesis/1bitSDR/1bitSDRLatticeTest/IP/SinCos/SinCos.v(257): Removing unused instance _20. VDB-5034
WARNING - synthesis: /home/user/Master Thesis/1bitSDR/1bitSDRLatticeTest/IP/SinCos/SinCos.v(259): Removing unused instance _21. VDB-5034
WARNING - synthesis: /home/user/Master Thesis/1bitSDR/1bitSDRLatticeTest/IP/SinCos/SinCos.v(261): Removing unused instance _22. VDB-5034
WARNING - synthesis: /home/user/Master Thesis/1bitSDR/1bitSDRLatticeTest/IP/SinCos/SinCos.v(263): Removing unused instance _23. VDB-5034
WARNING - synthesis: /home/user/Master Thesis/1bitSDR/1bitSDRLatticeTest/IP/SinCos/SinCos.v(265): Removing unused instance _24. VDB-5034
WARNING - synthesis: /home/user/Master Thesis/1bitSDR/1bitSDRLatticeTest/IP/SinCos/SinCos.v(267): Removing unused instance _25. VDB-5034
WARNING - synthesis: /home/user/Master Thesis/1bitSDR/1bitSDRLatticeTest/IP/SinCos/SinCos.v(269): Removing unused instance _26. VDB-5034
WARNING - synthesis: /home/user/Master Thesis/1bitSDR/1bitSDRLatticeTest/IP/SinCos/SinCos.v(271): Removing unused instance _27. VDB-5034
WARNING - synthesis: /home/user/Master Thesis/1bitSDR/1bitSDRLatticeTest/IP/SinCos/SinCos.v(273): Removing unused instance _28. VDB-5034
WARNING - synthesis: /home/user/Master Thesis/1bitSDR/1bitSDRLatticeTest/IP/SinCos/SinCos.v(275): Removing unused instance _29. VDB-5034
WARNING - synthesis: /home/user/Master Thesis/1bitSDR/1bitSDRLatticeTest/IP/SinCos/SinCos.v(277): Removing unused instance _30. VDB-5034
WARNING - synthesis: /home/user/Master Thesis/1bitSDR/1bitSDRLatticeTest/IP/SinCos/SinCos.v(279): Removing unused instance _31. VDB-5034
WARNING - synthesis: /home/user/Master Thesis/1bitSDR/1bitSDRLatticeTest/IP/SinCos/SinCos.v(281): Removing unused instance _32. VDB-5034
WARNING - synthesis: /home/user/Master Thesis/1bitSDR/1bitSDRLatticeTest/IP/SinCos/SinCos.v(283): Removing unused instance _33. VDB-5034
WARNING - synthesis: /home/user/Master Thesis/1bitSDR/1bitSDRLatticeTest/IP/SinCos/SinCos.v(285): Removing unused instance _34. VDB-5034
WARNING - synthesis: /home/user/Master Thesis/1bitSDR/1bitSDRLatticeTest/IP/SinCos/SinCos.v(287): Removing unused instance _35. VDB-5034
WARNING - synthesis: /home/user/Master Thesis/1bitSDR/1bitSDRLatticeTest/IP/SinCos/SinCos.v(289): Removing unused instance _36. VDB-5034
WARNING - synthesis: /home/user/Master Thesis/1bitSDR/1bitSDRLatticeTest/IP/SinCos/SinCos.v(291): Removing unused instance _37. VDB-5034
WARNING - synthesis: /home/user/Master Thesis/1bitSDR/1bitSDRLatticeTest/IP/SinCos/SinCos.v(293): Removing unused instance _38. VDB-5034
WARNING - synthesis: /home/user/Master Thesis/1bitSDR/1bitSDRLatticeTest/IP/SinCos/SinCos.v(297): Removing unused instance _39. VDB-5034
WARNING - synthesis: /home/user/Master Thesis/1bitSDR/1bitSDRLatticeTest/IP/SinCos/SinCos.v(301): Removing unused instance _40. VDB-5034
WARNING - synthesis: /home/user/Master Thesis/1bitSDR/1bitSDRLatticeTest/IP/SinCos/SinCos.v(303): Removing unused instance _41. VDB-5034
WARNING - synthesis: /home/user/Master Thesis/1bitSDR/1bitSDRLatticeTest/IP/SinCos/SinCos.v(305): Removing unused instance _42. VDB-5034
WARNING - synthesis: /home/user/Master Thesis/1bitSDR/1bitSDRLatticeTest/IP/SinCos/SinCos.v(334): Removing unused instance muxb_57_43. VDB-5034
WARNING - synthesis: /home/user/Master Thesis/1bitSDR/1bitSDRLatticeTest/IP/SinCos/SinCos.v(337): Removing unused instance muxb_56_44. VDB-5034
WARNING - synthesis: /home/user/Master Thesis/1bitSDR/1bitSDRLatticeTest/IP/SinCos/SinCos.v(340): Removing unused instance muxb_55_45. VDB-5034
WARNING - synthesis: /home/user/Master Thesis/1bitSDR/1bitSDRLatticeTest/IP/SinCos/SinCos.v(343): Removing unused instance muxb_54_46. VDB-5034
WARNING - synthesis: /home/user/Master Thesis/1bitSDR/1bitSDRLatticeTest/IP/SinCos/SinCos.v(346): Removing unused instance muxb_53_47. VDB-5034
WARNING - synthesis: /home/user/Master Thesis/1bitSDR/1bitSDRLatticeTest/IP/SinCos/SinCos.v(349): Removing unused instance muxb_52_48. VDB-5034
WARNING - synthesis: /home/user/Master Thesis/1bitSDR/1bitSDRLatticeTest/IP/SinCos/SinCos.v(464): Removing unused instance muxb_51_49. VDB-5034
WARNING - synthesis: /home/user/Master Thesis/1bitSDR/1bitSDRLatticeTest/IP/SinCos/SinCos.v(467): Removing unused instance muxb_50_50. VDB-5034
WARNING - synthesis: /home/user/Master Thesis/1bitSDR/1bitSDRLatticeTest/IP/SinCos/SinCos.v(470): Removing unused instance muxb_49_51. VDB-5034
WARNING - synthesis: /home/user/Master Thesis/1bitSDR/1bitSDRLatticeTest/IP/SinCos/SinCos.v(473): Removing unused instance muxb_48_52. VDB-5034
WARNING - synthesis: /home/user/Master Thesis/1bitSDR/1bitSDRLatticeTest/IP/SinCos/SinCos.v(476): Removing unused instance muxb_47_53. VDB-5034
WARNING - synthesis: /home/user/Master Thesis/1bitSDR/1bitSDRLatticeTest/IP/SinCos/SinCos.v(479): Removing unused instance muxb_46_54. VDB-5034
WARNING - synthesis: /home/user/Master Thesis/1bitSDR/1bitSDRLatticeTest/IP/SinCos/SinCos.v(482): Removing unused instance muxb_45_55. VDB-5034
WARNING - synthesis: /home/user/Master Thesis/1bitSDR/1bitSDRLatticeTest/IP/SinCos/SinCos.v(485): Removing unused instance muxb_44_56. VDB-5034
WARNING - synthesis: /home/user/Master Thesis/1bitSDR/1bitSDRLatticeTest/IP/SinCos/SinCos.v(488): Removing unused instance muxb_43_57. VDB-5034
WARNING - synthesis: /home/user/Master Thesis/1bitSDR/1bitSDRLatticeTest/IP/SinCos/SinCos.v(491): Removing unused instance muxb_42_58. VDB-5034
WARNING - synthesis: /home/user/Master Thesis/1bitSDR/1bitSDRLatticeTest/IP/SinCos/SinCos.v(494): Removing unused instance muxb_41_59. VDB-5034
WARNING - synthesis: /home/user/Master Thesis/1bitSDR/1bitSDRLatticeTest/IP/SinCos/SinCos.v(497): Removing unused instance muxb_40_60. VDB-5034
WARNING - synthesis: /home/user/Master Thesis/1bitSDR/1bitSDRLatticeTest/IP/SinCos/SinCos.v(500): Removing unused instance muxb_39_61. VDB-5034
WARNING - synthesis: /home/user/Master Thesis/1bitSDR/1bitSDRLatticeTest/IP/SinCos/SinCos.v(503): Removing unused instance muxb_38_62. VDB-5034
WARNING - synthesis: /home/user/Master Thesis/1bitSDR/1bitSDRLatticeTest/IP/SinCos/SinCos.v(506): Removing unused instance muxb_37_63. VDB-5034
WARNING - synthesis: /home/user/Master Thesis/1bitSDR/1bitSDRLatticeTest/IP/SinCos/SinCos.v(509): Removing unused instance muxb_36_64. VDB-5034
WARNING - synthesis: /home/user/Master Thesis/1bitSDR/1bitSDRLatticeTest/IP/SinCos/SinCos.v(512): Removing unused instance muxb_35_65. VDB-5034
WARNING - synthesis: /home/user/Master Thesis/1bitSDR/1bitSDRLatticeTest/IP/SinCos/SinCos.v(515): Removing unused instance muxb_34_66. VDB-5034
WARNING - synthesis: /home/user/Master Thesis/1bitSDR/1bitSDRLatticeTest/IP/SinCos/SinCos.v(518): Removing unused instance muxb_33_67. VDB-5034
WARNING - synthesis: /home/user/Master Thesis/1bitSDR/1bitSDRLatticeTest/IP/SinCos/SinCos.v(521): Removing unused instance muxb_32_68. VDB-5034
WARNING - synthesis: /home/user/Master Thesis/1bitSDR/1bitSDRLatticeTest/IP/SinCos/SinCos.v(524): Removing unused instance muxb_31_69. VDB-5034
WARNING - synthesis: /home/user/Master Thesis/1bitSDR/1bitSDRLatticeTest/IP/SinCos/SinCos.v(527): Removing unused instance muxb_30_70. VDB-5034
WARNING - synthesis: /home/user/Master Thesis/1bitSDR/1bitSDRLatticeTest/IP/SinCos/SinCos.v(530): Removing unused instance muxb_29_71. VDB-5034
WARNING - synthesis: /home/user/Master Thesis/1bitSDR/1bitSDRLatticeTest/IP/SinCos/SinCos.v(533): Removing unused instance muxb_28_72. VDB-5034
WARNING - synthesis: /home/user/Master Thesis/1bitSDR/1bitSDRLatticeTest/IP/SinCos/SinCos.v(536): Removing unused instance muxb_27_73. VDB-5034
WARNING - synthesis: /home/user/Master Thesis/1bitSDR/1bitSDRLatticeTest/IP/SinCos/SinCos.v(539): Removing unused instance muxb_26_74. VDB-5034
WARNING - synthesis: /home/user/Master Thesis/1bitSDR/1bitSDRLatticeTest/IP/SinCos/SinCos.v(544): Removing unused instance muxb_25_75. VDB-5034
WARNING - synthesis: /home/user/Master Thesis/1bitSDR/1bitSDRLatticeTest/IP/SinCos/SinCos.v(546): Removing unused instance muxb_24_76. VDB-5034
WARNING - synthesis: /home/user/Master Thesis/1bitSDR/1bitSDRLatticeTest/IP/SinCos/SinCos.v(548): Removing unused instance muxb_23_77. VDB-5034
WARNING - synthesis: /home/user/Master Thesis/1bitSDR/1bitSDRLatticeTest/IP/SinCos/SinCos.v(550): Removing unused instance muxb_22_78. VDB-5034
WARNING - synthesis: /home/user/Master Thesis/1bitSDR/1bitSDRLatticeTest/IP/SinCos/SinCos.v(552): Removing unused instance muxb_21_79. VDB-5034
WARNING - synthesis: /home/user/Master Thesis/1bitSDR/1bitSDRLatticeTest/IP/SinCos/SinCos.v(554): Removing unused instance muxb_20_80. VDB-5034
WARNING - synthesis: /home/user/Master Thesis/1bitSDR/1bitSDRLatticeTest/IP/SinCos/SinCos.v(556): Removing unused instance muxb_19_81. VDB-5034
WARNING - synthesis: /home/user/Master Thesis/1bitSDR/1bitSDRLatticeTest/IP/SinCos/SinCos.v(558): Removing unused instance muxb_18_82. VDB-5034
WARNING - synthesis: /home/user/Master Thesis/1bitSDR/1bitSDRLatticeTest/IP/SinCos/SinCos.v(560): Removing unused instance muxb_17_83. VDB-5034
WARNING - synthesis: /home/user/Master Thesis/1bitSDR/1bitSDRLatticeTest/IP/SinCos/SinCos.v(562): Removing unused instance muxb_16_84. VDB-5034
WARNING - synthesis: /home/user/Master Thesis/1bitSDR/1bitSDRLatticeTest/IP/SinCos/SinCos.v(564): Removing unused instance muxb_15_85. VDB-5034
WARNING - synthesis: /home/user/Master Thesis/1bitSDR/1bitSDRLatticeTest/IP/SinCos/SinCos.v(566): Removing unused instance muxb_14_86. VDB-5034
WARNING - synthesis: /home/user/Master Thesis/1bitSDR/1bitSDRLatticeTest/IP/SinCos/SinCos.v(568): Removing unused instance muxb_13_87. VDB-5034
WARNING - synthesis: /home/user/Master Thesis/1bitSDR/1bitSDRLatticeTest/IP/SinCos/SinCos.v(570): Removing unused instance muxb_12_88. VDB-5034
WARNING - synthesis: /home/user/Master Thesis/1bitSDR/1bitSDRLatticeTest/IP/SinCos/SinCos.v(572): Removing unused instance muxb_11_89. VDB-5034
WARNING - synthesis: /home/user/Master Thesis/1bitSDR/1bitSDRLatticeTest/IP/SinCos/SinCos.v(574): Removing unused instance muxb_10_90. VDB-5034
WARNING - synthesis: /home/user/Master Thesis/1bitSDR/1bitSDRLatticeTest/IP/SinCos/SinCos.v(576): Removing unused instance muxb_9_91. VDB-5034
WARNING - synthesis: /home/user/Master Thesis/1bitSDR/1bitSDRLatticeTest/IP/SinCos/SinCos.v(578): Removing unused instance muxb_8_92. VDB-5034
WARNING - synthesis: /home/user/Master Thesis/1bitSDR/1bitSDRLatticeTest/IP/SinCos/SinCos.v(580): Removing unused instance muxb_7_93. VDB-5034
WARNING - synthesis: /home/user/Master Thesis/1bitSDR/1bitSDRLatticeTest/IP/SinCos/SinCos.v(582): Removing unused instance muxb_6_94. VDB-5034
WARNING - synthesis: /home/user/Master Thesis/1bitSDR/1bitSDRLatticeTest/IP/SinCos/SinCos.v(584): Removing unused instance muxb_5_95. VDB-5034
WARNING - synthesis: /home/user/Master Thesis/1bitSDR/1bitSDRLatticeTest/IP/SinCos/SinCos.v(586): Removing unused instance muxb_4_96. VDB-5034
WARNING - synthesis: /home/user/Master Thesis/1bitSDR/1bitSDRLatticeTest/IP/SinCos/SinCos.v(588): Removing unused instance muxb_3_97. VDB-5034
WARNING - synthesis: /home/user/Master Thesis/1bitSDR/1bitSDRLatticeTest/IP/SinCos/SinCos.v(590): Removing unused instance muxb_2_98. VDB-5034
WARNING - synthesis: /home/user/Master Thesis/1bitSDR/1bitSDRLatticeTest/IP/SinCos/SinCos.v(592): Removing unused instance muxb_1_99. VDB-5034
WARNING - synthesis: /home/user/Master Thesis/1bitSDR/1bitSDRLatticeTest/IP/SinCos/SinCos.v(594): Removing unused instance muxb_0_100. VDB-5034
WARNING - synthesis: /home/user/Master Thesis/1bitSDR/1bitSDRLatticeTest/IP/SinCos/SinCos.v(735): Removing unused instance _105. VDB-5034
WARNING - synthesis: /home/user/Master Thesis/1bitSDR/1bitSDRLatticeTest/IP/SinCos/SinCos.v(740): Removing unused instance _106. VDB-5034
WARNING - synthesis: /home/user/Master Thesis/1bitSDR/1bitSDRLatticeTest/IP/SinCos/SinCos.v(745): Removing unused instance _107. VDB-5034
WARNING - synthesis: /home/user/Master Thesis/1bitSDR/1bitSDRLatticeTest/IP/SinCos/SinCos.v(750): Removing unused instance _108. VDB-5034
WARNING - synthesis: /home/user/Master Thesis/1bitSDR/1bitSDRLatticeTest/IP/SinCos/SinCos.v(755): Removing unused instance _109. VDB-5034
WARNING - synthesis: /home/user/Master Thesis/1bitSDR/1bitSDRLatticeTest/IP/SinCos/SinCos.v(760): Removing unused instance _110. VDB-5034
WARNING - synthesis: /home/user/Master Thesis/1bitSDR/1bitSDRLatticeTest/IP/SinCos/SinCos.v(765): Removing unused instance _111. VDB-5034
WARNING - synthesis: /home/user/Master Thesis/1bitSDR/1bitSDRLatticeTest/IP/SinCos/SinCos.v(770): Removing unused instance _112. VDB-5034
WARNING - synthesis: /home/user/Master Thesis/1bitSDR/1bitSDRLatticeTest/IP/SinCos/SinCos.v(775): Removing unused instance _113. VDB-5034
WARNING - synthesis: /home/user/Master Thesis/1bitSDR/1bitSDRLatticeTest/IP/SinCos/SinCos.v(780): Removing unused instance _114. VDB-5034
WARNING - synthesis: /home/user/Master Thesis/1bitSDR/1bitSDRLatticeTest/IP/SinCos/SinCos.v(785): Removing unused instance _115. VDB-5034
WARNING - synthesis: /home/user/Master Thesis/1bitSDR/1bitSDRLatticeTest/IP/SinCos/SinCos.v(790): Removing unused instance _116. VDB-5034
WARNING - synthesis: /home/user/Master Thesis/1bitSDR/1bitSDRLatticeTest/IP/SinCos/SinCos.v(795): Removing unused instance _117. VDB-5034
WARNING - synthesis: /home/user/Master Thesis/1bitSDR/1bitSDRLatticeTest/IP/SinCos/SinCos.v(800): Removing unused instance _118. VDB-5034
WARNING - synthesis: /home/user/Master Thesis/1bitSDR/1bitSDRLatticeTest/IP/SinCos/SinCos.v(805): Removing unused instance _119. VDB-5034
WARNING - synthesis: /home/user/Master Thesis/1bitSDR/1bitSDRLatticeTest/IP/SinCos/SinCos.v(810): Removing unused instance _120. VDB-5034
WARNING - synthesis: /home/user/Master Thesis/1bitSDR/1bitSDRLatticeTest/IP/SinCos/SinCos.v(815): Removing unused instance _121. VDB-5034
WARNING - synthesis: /home/user/Master Thesis/1bitSDR/1bitSDRLatticeTest/IP/SinCos/SinCos.v(820): Removing unused instance _122. VDB-5034
WARNING - synthesis: /home/user/Master Thesis/1bitSDR/1bitSDRLatticeTest/IP/SinCos/SinCos.v(825): Removing unused instance _123. VDB-5034
WARNING - synthesis: /home/user/Master Thesis/1bitSDR/1bitSDRLatticeTest/IP/SinCos/SinCos.v(830): Removing unused instance _124. VDB-5034
WARNING - synthesis: /home/user/Master Thesis/1bitSDR/1bitSDRLatticeTest/IP/SinCos/SinCos.v(835): Removing unused instance _125. VDB-5034
WARNING - synthesis: /home/user/Master Thesis/1bitSDR/1bitSDRLatticeTest/IP/SinCos/SinCos.v(840): Removing unused instance _126. VDB-5034
WARNING - synthesis: /home/user/Master Thesis/1bitSDR/1bitSDRLatticeTest/IP/SinCos/SinCos.v(845): Removing unused instance _127. VDB-5034
WARNING - synthesis: /home/user/Master Thesis/1bitSDR/1bitSDRLatticeTest/IP/SinCos/SinCos.v(850): Removing unused instance _128. VDB-5034
WARNING - synthesis: /home/user/Master Thesis/1bitSDR/1bitSDRLatticeTest/IP/SinCos/SinCos.v(855): Removing unused instance _129. VDB-5034
WARNING - synthesis: /home/user/Master Thesis/1bitSDR/1bitSDRLatticeTest/IP/SinCos/SinCos.v(860): Removing unused instance _144. VDB-5034
######## Missing driver on net n251. Patching with GND.
######## Missing driver on net n250. Patching with GND.
######## Missing driver on net n249. Patching with GND.



######## GSR will not be inferred in an NGO flow, unless force_gsr=yes.
WARNING - synthesis: There are no design constraints in the file SinCos_for_lpf.sdc
Writing LPF file /home/user/Master Thesis/1bitSDR/1bitSDRLatticeTest/IP/SinCos/SinCos.lpf.
Results of NGD DRC are available in SinCos_drc.log.
WARNING - synthesis: DRC checking was skipped because the -ngo option was used.
Writing NGD file /home/user/Master Thesis/1bitSDR/1bitSDRLatticeTest/IP/SinCos/SinCos.ngo.

################### Begin Area Report (SinCos)######################
Number of register bits => 63 of 84255 (0 % )
AND2 => 1
CCU2C => 18
FD1P3DX => 63
GSR => 1
INV => 33
MUX21 => 58
ROM16X1A => 2
ROM64X1A => 26
XOR2 => 1
################### End Area Report ##################

################### Begin Clock Report ######################
Clock Nets
Number of Clocks: 0
Clock Enable Nets
Number of Clock Enables: 0
Top 0 highest fanout Clock Enables:
Highest fanout non-clock nets
Top 10 highest fanout non-clock nets:
  Net : rom_addr0_r_6, loads : 27
  Net : rom_addr0_r_7, loads : 27
  Net : rom_addr0_r_8, loads : 27
  Net : rom_addr0_r_9, loads : 27
  Net : rom_addr0_r_10, loads : 27
  Net : rom_addr0_r_11, loads : 27
  Net : out_sel, loads : 26
  Net : sinromoutsel, loads : 13
  Net : cosromoutsel, loads : 13
  Net : mx_ctrl_r, loads : 8
################### End Clock Report ##################

Timing Report Summary
--------------
--------------------------------------------------------------------------------
Constraint                              |   Constraint|       Actual|Levels
--------------------------------------------------------------------------------
                                        |             |             |
create_clock -period 5.000000 -name     |             |             |
clk500 [get_nets Clock]                 |  200.000 MHz|   91.449 MHz|    10 *
                                        |             |             |
--------------------------------------------------------------------------------


1 constraints not met.


Peak Memory Usage: 258.754  MB

--------------------------------------------------------------
Elapsed CPU time for LSE flow : 0.882  secs
--------------------------------------------------------------
