
Copyright (C) 1994-2023 Synopsys, Inc.
This Synopsys software and all associated documentation are proprietary to Synopsys, Inc.
and may only be used pursuant to the terms and conditions of a written license agreement
with Synopsys, Inc. All other use, reproduction, modification, or distribution of the
Synopsys software or the associated documentation is strictly prohibited.
Tool: Synplify Pro (R)
Build: U-2023.03L-SP1
Install: /home/user/FPGA/tools/diamond/usr/local/diamond/3.13/synpbase
OS: Ubuntu 22.04.5 LTS
Hostname: user-HP-ProBook-450-G5
max virtual memory: unlimited (bytes)
max user processes: 47101
max stack size: 8388608 (bytes)


Implementation : top_impl

# Written on Thu Oct 31 10:26:42 2024

##### DESIGN INFO #######################################################

Top View:                "top"
Constraint File(s):      "/home/user/SDR-HLS/2.HLSImplementation/top/build/top.sdc"




##### SUMMARY ############################################################

Found 0 issues in 0 out of 2 constraints


##### DETAILS ############################################################



Clock Relationships
*******************

Starting                            Ending                              |     rise to rise     |     fall to fall     |     rise to fall     |     fall to rise                     
-----------------------------------------------------------------------------------------------------------------------------------------------------------------------------------
clk25_0__io                         System                              |     40.000           |     No paths         |     No paths         |     No paths                         
clk25_0__io                         clk25_0__io                         |     40.000           |     No paths         |     No paths         |     No paths                         
ecp5pll_Z1|CLKOP_inferred_clock     ecp5pll_Z1|CLKOP_inferred_clock     |     5.000            |     No paths         |     No paths         |     No paths                         
===================================================================================================================================================================================
 Note: 'No paths' indicates there are no paths in the design for that pair of clock edges.
       'Diff grp' indicates that paths exist but the starting clock and ending clock are in different clock groups.


Unconstrained Start/End Points
******************************

p:antenna_0__rf_in__io
p:led_0__io
p:led_1__io
p:led_2__io
p:led_3__io
p:led_4__io
p:led_5__io
p:led_6__io
p:led_7__io
p:pwm_0__pwm_out__io
p:pwm_0__pwm_out_n1__io
p:pwm_0__pwm_out_n2__io
p:pwm_0__pwm_out_n3__io
p:pwm_0__pwm_out_n4__io
p:pwm_0__pwm_out_p1__io
p:pwm_0__pwm_out_p2__io
p:pwm_0__pwm_out_p3__io
p:pwm_0__pwm_out_p4__io
p:uart_0__dtr__io
p:uart_0__rts__io
p:uart_0__rx__io
p:uart_0__tx__io


Inapplicable constraints
************************

(none)


Applicable constraints with issues
**********************************

(none)


Constraints with matching wildcard expressions
**********************************************

(none)


Library Report
**************


# End of Constraint Checker Report
