#! /usr/local/bin/vvp
:ivl_version "13.0 (devel)" "(s20221226-347-g58dcf39db)";
:ivl_delay_selection "TYPICAL";
:vpi_time_precision + 0;
:vpi_module "/usr/local/lib/ivl/system.vpi";
:vpi_module "/usr/local/lib/ivl/vhdl_sys.vpi";
:vpi_module "/usr/local/lib/ivl/vhdl_textio.vpi";
:vpi_module "/usr/local/lib/ivl/v2005_math.vpi";
:vpi_module "/usr/local/lib/ivl/va_math.vpi";
S_0x653a9c8c0720 .scope module, "Mixer" "Mixer" 2 17;
 .timescale 0 0;
    .port_info 0 /INPUT 1 "clk";
    .port_info 1 /INPUT 12 "sin_in";
    .port_info 2 /INPUT 12 "cos_in";
    .port_info 3 /INPUT 1 "RFIn";
    .port_info 4 /OUTPUT 1 "RFOut";
    .port_info 5 /OUTPUT 12 "MixerOutSin";
    .port_info 6 /OUTPUT 12 "MixerOutCos";
P_0x653a9c8c08b0 .param/l "WIDTH" 0 2 18, +C4<00000000000000000000000000001100>;
L_0x653a9c8bf310 .functor BUFZ 1, v0x653a9c8e5710_0, C4<0>, C4<0>, C4<0>;
v0x653a9c8bf420_0 .var/s "MixerOutCos", 11 0;
v0x653a9c8e54a0_0 .var/s "MixerOutSin", 11 0;
o0x72a7e0a78078 .functor BUFZ 1, C4<z>; HiZ drive
v0x653a9c8e5580_0 .net "RFIn", 0 0, o0x72a7e0a78078;  0 drivers
v0x653a9c8e5650_0 .var "RFInR", 0 0;
v0x653a9c8e5710_0 .var "RFInR1", 0 0;
v0x653a9c8e5820_0 .net "RFOut", 0 0, L_0x653a9c8bf310;  1 drivers
o0x72a7e0a78138 .functor BUFZ 1, C4<z>; HiZ drive
v0x653a9c8e58e0_0 .net "clk", 0 0, o0x72a7e0a78138;  0 drivers
o0x72a7e0a78168 .functor BUFZ 12, C4<zzzzzzzzzzzz>; HiZ drive
v0x653a9c8e59a0_0 .net/s "cos_in", 11 0, o0x72a7e0a78168;  0 drivers
o0x72a7e0a78198 .functor BUFZ 12, C4<zzzzzzzzzzzz>; HiZ drive
v0x653a9c8e5a80_0 .net/s "sin_in", 11 0, o0x72a7e0a78198;  0 drivers
E_0x653a9c8d21b0 .event posedge, v0x653a9c8e58e0_0;
    .scope S_0x653a9c8c0720;
T_0 ;
    %pushi/vec4 1, 0, 1;
    %store/vec4 v0x653a9c8e5710_0, 0, 1;
    %pushi/vec4 1, 0, 1;
    %store/vec4 v0x653a9c8e5650_0, 0, 1;
    %end;
    .thread T_0;
    .scope S_0x653a9c8c0720;
T_1 ;
    %wait E_0x653a9c8d21b0;
    %load/vec4 v0x653a9c8e5580_0;
    %assign/vec4 v0x653a9c8e5710_0, 0;
    %load/vec4 v0x653a9c8e5710_0;
    %assign/vec4 v0x653a9c8e5650_0, 0;
    %jmp T_1;
    .thread T_1;
    .scope S_0x653a9c8c0720;
T_2 ;
    %wait E_0x653a9c8d21b0;
    %load/vec4 v0x653a9c8e5650_0;
    %cmpi/e 0, 0, 1;
    %jmp/0xz  T_2.0, 4;
    %load/vec4 v0x653a9c8e5a80_0;
    %assign/vec4 v0x653a9c8e54a0_0, 0;
    %load/vec4 v0x653a9c8e59a0_0;
    %assign/vec4 v0x653a9c8bf420_0, 0;
    %jmp T_2.1;
T_2.0 ;
    %load/vec4 v0x653a9c8e5a80_0;
    %inv;
    %pushi/vec4 1, 0, 12;
    %add;
    %assign/vec4 v0x653a9c8e54a0_0, 0;
    %load/vec4 v0x653a9c8e59a0_0;
    %inv;
    %pushi/vec4 1, 0, 12;
    %add;
    %assign/vec4 v0x653a9c8bf420_0, 0;
T_2.1 ;
    %jmp T_2;
    .thread T_2;
    .scope S_0x653a9c8c0720;
T_3 ;
    %vpi_call 2 57 "$dumpfile", "mixer_waves.vcd" {0 0 0};
    %vpi_call 2 58 "$dumpvars" {0 0 0};
    %end;
    .thread T_3;
# The file index is used to find the file name in the following table.
:file_names 3;
    "N/A";
    "<interactive>";
    "Mixer.v";
