
             Lattice Mapping Report File for Design Module 'top'


Design Information
------------------

Command line:   map -a ECP5U -p LFE5U-85F -t CABGA381 -s 6 -oc Commercial
     OneBitSDR_impl1.ngd -o OneBitSDR_impl1_map.ncd -pr OneBitSDR_impl1.prf -mp
     OneBitSDR_impl1.mrp -lpf /home/user/SDR-HLS/1.RTLImplementation/4.lattice/V
     ersion0/impl1/OneBitSDR_impl1.lpf -lpf
     /home/user/SDR-HLS/1.RTLImplementation/4.lattice/Version0/OneBitSDR.lpf
     -gui -msgset
     /home/user/SDR-HLS/1.RTLImplementation/4.lattice/Version0/promote.xml 
Target Vendor:  LATTICE
Target Device:  LFE5U-85FCABGA381
Target Performance:   6
Mapper:  sa5p00,  version:  Diamond (64-bit) 3.13.0.56.2
Mapped on:  09/05/24  13:43:12

Design Summary
--------------

   Number of registers:   2704 out of 84255 (3%)
      PFU registers:         2704 out of 83640 (3%)
      PIO registers:            0 out of   615 (0%)
   Number of SLICEs:      2689 out of 41820 (6%)
      SLICEs as Logic/ROM:   2689 out of 41820 (6%)
      SLICEs as RAM:            0 out of 31365 (0%)
      SLICEs as Carry:       1463 out of 41820 (3%)
   Number of LUT4s:        3769 out of 83640 (5%)
      Number used as logic LUTs:        843
      Number used as distributed RAM:     0
      Number used as ripple logic:      2926
      Number used as shift registers:     0
   Number of PIO sites used: 27 out of 205 (13%)
      Number of PIO sites used for single ended IOs: 25
      Number of PIO sites used for differential IOs: 2 (represented by 1 PIO
     comps in NCD)
   Number of block RAMs:  0 out of 208 (0%)
   Number of GSRs:  0 out of 1 (0%)
   JTAG used :      No
   Readback used :  No
   Oscillator used :  No
   Startup used :   No
   DTR used :   No
   Number of Dynamic Bank Controller (BCINRD):  0 out of 4 (0%)
   Number of Dynamic Bank Controller (BCLVDSOB):  0 out of 4 (0%)
   Number of DCC:  0 out of 60 (0%)
   Number of DCS:  0 out of 2 (0%)
   Number of PLLs:  1 out of 4 (25%)
   Number of DDRDLLs:  0 out of 4 (0%)
   Number of CLKDIV:  0 out of 4 (0%)
   Number of ECLKSYNC:  0 out of 10 (0%)
   Number of ECLKBRIDGECS:  0 out of 2 (0%)
   Notes:-
      1. Total number of LUT4s = (Number of logic LUT4s) + 2*(Number of
     distributed RAMs) + 2*(Number of ripple logic)
      2. Number of logic LUT4s does not include count of distributed RAM and
     ripple logic.

        Number Of Mapped DSP Components:

                                    Page 1




Design:  top                                           Date:  09/05/24  13:43:12

Design Summary (cont)
---------------------
   --------------------------------
   MULT18X18D          2
   MULT9X9D            0
   ALU54B              0
   ALU24B              0
   PRADD18A            0
   PRADD9A             0
   --------------------------------
   Number of Used DSP MULT Sites:  4 out of 312 (1 %)
   Number of Used DSP ALU Sites:  0 out of 156 (0 %)
   Number of Used DSP PRADD Sites:  0 out of 312 (0 %)
   Number of clocks:  4
     Net clk_80mhz: 1583 loads, 1583 rising, 0 falling (Driver: PLL1/PLLInst_0 )
     
     Net CIC1_out_clkSin: 39 loads, 39 rising, 0 falling (Driver:
     CIC1Sin/d_clk_67 )
     Net uart_rx1/UartClk[2]: 28 loads, 28 rising, 0 falling (Driver:
     uart_rx1/UartClk_1007_1031__i2 )
     Net osc_clk_c: 1 loads, 1 rising, 0 falling (Driver: PIO osc_clk )
   Number of Clock Enables:  50
     Net PWM1/clk_80mhz_enable_1407: 6 loads, 6 LSLICEs
     Net clk_80mhz_enable_1408: 1 loads, 1 LSLICEs
     Net clk_80mhz_enable_1460: 25 loads, 25 LSLICEs
     Net clk_80mhz_enable_45: 1 loads, 1 LSLICEs
     Net uart_rx1/UartClk_2_enable_17: 4 loads, 4 LSLICEs
     Net uart_rx1/UartClk_2_enable_2: 1 loads, 1 LSLICEs
     Net uart_rx1/UartClk_2_enable_36: 2 loads, 2 LSLICEs
     Net uart_rx1/UartClk_2_enable_9: 1 loads, 1 LSLICEs
     Net uart_rx1/UartClk_2_enable_4: 1 loads, 1 LSLICEs
     Net uart_rx1/UartClk_2_enable_5: 1 loads, 1 LSLICEs
     Net uart_rx1/UartClk_2_enable_6: 1 loads, 1 LSLICEs
     Net uart_rx1/UartClk_2_enable_7: 1 loads, 1 LSLICEs
     Net uart_rx1/UartClk_2_enable_8: 1 loads, 1 LSLICEs
     Net uart_rx1/UartClk_2_enable_10: 1 loads, 1 LSLICEs
     Net uart_rx1/UartClk_2_enable_34: 9 loads, 9 LSLICEs
     Net uart_rx1/UartClk_2_enable_25: 1 loads, 1 LSLICEs
     Net clk_80mhz_enable_1471: 2 loads, 2 LSLICEs
     Net clk_80mhz_enable_1470: 5 loads, 5 LSLICEs
     Net CIC1Sin/clk_80mhz_enable_142: 24 loads, 24 LSLICEs
     Net CIC1Sin/clk_80mhz_enable_65: 30 loads, 30 LSLICEs
     Net CIC1Sin/v_comb: 18 loads, 18 LSLICEs
     Net CIC1Sin/clk_80mhz_enable_161: 26 loads, 26 LSLICEs
     Net CIC1Sin/d_clk_tmp_N_1831: 13 loads, 13 LSLICEs
     Net CIC1Sin/clk_80mhz_enable_211: 26 loads, 26 LSLICEs
     Net CIC1Sin/clk_80mhz_enable_261: 25 loads, 25 LSLICEs
     Net CIC1Sin/clk_80mhz_enable_311: 26 loads, 26 LSLICEs
     Net CIC1Sin/clk_80mhz_enable_361: 26 loads, 26 LSLICEs
     Net CIC1Sin/clk_80mhz_enable_411: 25 loads, 25 LSLICEs
     Net CIC1Sin/clk_80mhz_enable_461: 26 loads, 26 LSLICEs
     Net CIC1Sin/clk_80mhz_enable_511: 25 loads, 25 LSLICEs
     Net CIC1Sin/clk_80mhz_enable_561: 25 loads, 25 LSLICEs
     Net CIC1Sin/clk_80mhz_enable_611: 26 loads, 26 LSLICEs
     Net CIC1Sin/clk_80mhz_enable_661: 25 loads, 25 LSLICEs
     Net CIC1Sin/clk_80mhz_enable_711: 26 loads, 26 LSLICEs
     Net CIC1Cos/clk_80mhz_enable_758: 48 loads, 48 LSLICEs
     Net CIC1Cos/clk_80mhz_enable_798: 50 loads, 50 LSLICEs

                                    Page 2




Design:  top                                           Date:  09/05/24  13:43:12

Design Summary (cont)
---------------------
     Net CIC1Cos/v_comb: 16 loads, 16 LSLICEs
     Net CIC1Cos/count_15__N_1458: 24 loads, 24 LSLICEs
     Net CIC1Cos/clk_80mhz_enable_848: 41 loads, 41 LSLICEs
     Net CIC1Cos/clk_80mhz_enable_898: 26 loads, 26 LSLICEs
     Net CIC1Cos/clk_80mhz_enable_948: 49 loads, 49 LSLICEs
     Net CIC1Cos/clk_80mhz_enable_998: 37 loads, 37 LSLICEs
     Net CIC1Cos/clk_80mhz_enable_1048: 29 loads, 29 LSLICEs
     Net CIC1Cos/clk_80mhz_enable_1098: 50 loads, 50 LSLICEs
     Net CIC1Cos/clk_80mhz_enable_1148: 33 loads, 33 LSLICEs
     Net CIC1Cos/clk_80mhz_enable_1198: 32 loads, 32 LSLICEs
     Net CIC1Cos/clk_80mhz_enable_1248: 50 loads, 50 LSLICEs
     Net CIC1Cos/clk_80mhz_enable_1298: 29 loads, 29 LSLICEs
     Net CIC1Cos/clk_80mhz_enable_1348: 36 loads, 36 LSLICEs
     Net CIC1Cos/clk_80mhz_enable_1398: 50 loads, 50 LSLICEs
   Number of LSRs:  10
     Net uart_rx1/r_SM_Main_2: 2 loads, 2 LSLICEs
     Net uart_rx1/r_Rx_DV: 1 loads, 1 LSLICEs
     Net uart_rx1/n16803: 1 loads, 1 LSLICEs
     Net uart_rx1/n12564: 9 loads, 9 LSLICEs
     Net CIC1Sin/clk_80mhz_enable_142: 2 loads, 2 LSLICEs
     Net CIC1Sin/d_clk_tmp_N_1831: 1 loads, 1 LSLICEs
     Net CIC1Sin/n12551: 8 loads, 8 LSLICEs
     Net CIC1Cos/clk_80mhz_enable_758: 1 loads, 1 LSLICEs
     Net CIC1Cos/count_15__N_1458: 1 loads, 1 LSLICEs
     Net CIC1Cos/n12562: 8 loads, 8 LSLICEs
   Number of nets driven by tri-state buffers:  0
   Top 10 highest fanout non-clock nets:
     Net MixerOutCos_11: 97 loads
     Net MixerOutSin_11: 97 loads
     Net SinCos1/rom_addr0_r_10: 86 loads
     Net SinCos1/rom_addr0_r_8: 86 loads
     Net SinCos1/rom_addr0_r_9: 86 loads
     Net SinCos1/rom_addr0_r_7: 83 loads
     Net n13169: 66 loads
     Net CIC1Cos/clk_80mhz_enable_758: 63 loads
     Net CICGain_0: 55 loads
     Net n17625: 53 loads




   Number of warnings:  0
   Number of errors:    0
     

Design Errors/Warnings
----------------------

   No errors or warnings present.

IO (PIO) Attributes
-------------------

+---------------------+-----------+-----------+------------+
| IO Name             | Direction | Levelmode | IO         |
|                     |           |  IO_TYPE  | Register   |

                                    Page 3




Design:  top                                           Date:  09/05/24  13:43:12

IO (PIO) Attributes (cont)
--------------------------
+---------------------+-----------+-----------+------------+
| MYLED[6]            | OUTPUT    | LVCMOS33  |            |
+---------------------+-----------+-----------+------------+
| MYLED[7]            | OUTPUT    | LVCMOS33  |            |
+---------------------+-----------+-----------+------------+
| o_Tx_Serial         | OUTPUT    | LVCMOS25  |            |
+---------------------+-----------+-----------+------------+
| MYLED[5]            | OUTPUT    | LVCMOS33  |            |
+---------------------+-----------+-----------+------------+
| MYLED[4]            | OUTPUT    | LVCMOS33  |            |
+---------------------+-----------+-----------+------------+
| MYLED[3]            | OUTPUT    | LVCMOS33  |            |
+---------------------+-----------+-----------+------------+
| MYLED[2]            | OUTPUT    | LVCMOS33  |            |
+---------------------+-----------+-----------+------------+
| MYLED[1]            | OUTPUT    | LVCMOS33  |            |
+---------------------+-----------+-----------+------------+
| MYLED[0]            | OUTPUT    | LVCMOS33  |            |
+---------------------+-----------+-----------+------------+
| XOut                | OUTPUT    | LVCMOS25  |            |
+---------------------+-----------+-----------+------------+
| DiffOut             | OUTPUT    | LVCMOS33  |            |
+---------------------+-----------+-----------+------------+
| PWMOut              | OUTPUT    | LVCMOS33  |            |
+---------------------+-----------+-----------+------------+
| PWMOutP1            | OUTPUT    | LVCMOS33  |            |
+---------------------+-----------+-----------+------------+
| PWMOutP2            | OUTPUT    | LVCMOS33  |            |
+---------------------+-----------+-----------+------------+
| PWMOutP3            | OUTPUT    | LVCMOS33  |            |
+---------------------+-----------+-----------+------------+
| PWMOutP4            | OUTPUT    | LVCMOS33  |            |
+---------------------+-----------+-----------+------------+
| PWMOutN1            | OUTPUT    | LVCMOS33  |            |
+---------------------+-----------+-----------+------------+
| PWMOutN2            | OUTPUT    | LVCMOS33  |            |
+---------------------+-----------+-----------+------------+
| PWMOutN3            | OUTPUT    | LVCMOS33  |            |
+---------------------+-----------+-----------+------------+
| PWMOutN4            | OUTPUT    | LVCMOS33  |            |
+---------------------+-----------+-----------+------------+
| sinGen              | OUTPUT    | LVCMOS25  |            |
+---------------------+-----------+-----------+------------+
| sin_out             | OUTPUT    | LVCMOS33  |            |
+---------------------+-----------+-----------+------------+
| CIC_out_clkSin      | OUTPUT    | LVCMOS25  |            |
+---------------------+-----------+-----------+------------+
| osc_clk             | INPUT     | LVCMOS33  |            |
+---------------------+-----------+-----------+------------+
| i_Rx_Serial         | INPUT     | LVCMOS33  |            |
+---------------------+-----------+-----------+------------+
| RFIn                | INPUT     | LVDS      |            |
+---------------------+-----------+-----------+------------+




                                    Page 4




Design:  top                                           Date:  09/05/24  13:43:12

Removed logic
-------------

Block GSR_INST undriven or does not drive anything - clipped.
Signal SinCos1/lx_ne0_inv was merged into signal SinCos1/lx_ne0
Signal uart_rx1/n12547 was merged into signal uart_rx1/r_Rx_DV
Signal VCC_net undriven or does not drive anything - clipped.
Signal _add_1_1475_add_4_37/CO undriven or does not drive anything - clipped.
Signal _add_1_1520_add_4_38/CO undriven or does not drive anything - clipped.
Signal _add_1_1559_add_4_2/S0 undriven or does not drive anything - clipped.
Signal _add_1_1559_add_4_2/CI undriven or does not drive anything - clipped.
Signal SinCos1/neg_rom_dout_s_n_0/S1 undriven or does not drive anything -
     clipped.
Signal SinCos1/neg_rom_dout_s_n_0/S0 undriven or does not drive anything -
     clipped.
Signal SinCos1/neg_rom_dout_s_n_0/CI undriven or does not drive anything -
     clipped.
Signal SinCos1/neg_rom_dout_c_n_6/CO undriven or does not drive anything -
     clipped.
Signal SinCos1/neg_rom_dout_c_n_0/S1 undriven or does not drive anything -
     clipped.
Signal SinCos1/neg_rom_dout_c_n_0/S0 undriven or does not drive anything -
     clipped.
Signal SinCos1/neg_rom_dout_c_n_0/CI undriven or does not drive anything -
     clipped.
Signal SinCos1/neg_rom_dout_s_n_6/CO undriven or does not drive anything -
     clipped.
Signal SinCos1/neg_rom_addr0_r_n_3/S1 undriven or does not drive anything -
     clipped.
Signal SinCos1/neg_rom_addr0_r_n_3/CO undriven or does not drive anything -
     clipped.
Signal SinCos1/neg_rom_addr0_r_n_0/S0 undriven or does not drive anything -
     clipped.
Signal SinCos1/neg_rom_addr0_r_n_0/CI undriven or does not drive anything -
     clipped.
Signal _add_1_1463_add_4_1/S1 undriven or does not drive anything - clipped.
Signal _add_1_1463_add_4_1/S0 undriven or does not drive anything - clipped.
Signal _add_1_1463_add_4_1/CI undriven or does not drive anything - clipped.
Signal _add_1_1559_add_4_38/S1 undriven or does not drive anything - clipped.
Signal _add_1_1559_add_4_38/CO undriven or does not drive anything - clipped.
Signal _add_1_1436_add_4_2/S0 undriven or does not drive anything - clipped.
Signal _add_1_1436_add_4_2/CI undriven or does not drive anything - clipped.
Signal _add_1_1619_add_4_4/S1 undriven or does not drive anything - clipped.
Signal _add_1_1619_add_4_4/S0 undriven or does not drive anything - clipped.
Signal _add_1_1463_add_4_37/CO undriven or does not drive anything - clipped.
Signal _add_1_1520_add_4_2/S0 undriven or does not drive anything - clipped.
Signal _add_1_1520_add_4_2/CI undriven or does not drive anything - clipped.
Signal _add_1_1436_add_4_cout/S1 undriven or does not drive anything - clipped.
Signal _add_1_1436_add_4_cout/CO undriven or does not drive anything - clipped.
Signal _add_1_1433_add_4_2/S0 undriven or does not drive anything - clipped.
Signal _add_1_1433_add_4_2/CI undriven or does not drive anything - clipped.
Signal add_3636_1/S1 undriven or does not drive anything - clipped.
Signal add_3636_1/S0 undriven or does not drive anything - clipped.
Signal add_3636_1/CI undriven or does not drive anything - clipped.
Signal add_3636_3/S0 undriven or does not drive anything - clipped.
Signal add_3636_19/CO undriven or does not drive anything - clipped.
Signal add_3634_1/S1 undriven or does not drive anything - clipped.
Signal add_3634_1/S0 undriven or does not drive anything - clipped.

                                    Page 5




Design:  top                                           Date:  09/05/24  13:43:12

Removed logic (cont)
--------------------
Signal add_3634_1/CI undriven or does not drive anything - clipped.
Signal add_3634_3/S0 undriven or does not drive anything - clipped.
Signal _add_1_1490_add_4_37/CO undriven or does not drive anything - clipped.
Signal add_3634_19/CO undriven or does not drive anything - clipped.
Signal add_3638_1/S1 undriven or does not drive anything - clipped.
Signal add_3638_1/S0 undriven or does not drive anything - clipped.
Signal add_3638_1/CI undriven or does not drive anything - clipped.
Signal add_3638_3/S0 undriven or does not drive anything - clipped.
Signal _add_1_1562_add_4_2/S0 undriven or does not drive anything - clipped.
Signal _add_1_1562_add_4_2/CI undriven or does not drive anything - clipped.
Signal _add_1_1433_add_4_cout/S1 undriven or does not drive anything - clipped.
Signal _add_1_1433_add_4_cout/CO undriven or does not drive anything - clipped.
Signal _add_1_1460_add_4_1/S1 undriven or does not drive anything - clipped.
Signal _add_1_1460_add_4_1/S0 undriven or does not drive anything - clipped.
Signal _add_1_1460_add_4_1/CI undriven or does not drive anything - clipped.
Signal _add_1_1460_add_4_37/CO undriven or does not drive anything - clipped.
Signal _add_1_1523_add_4_2/S0 undriven or does not drive anything - clipped.
Signal _add_1_1523_add_4_2/CI undriven or does not drive anything - clipped.
Signal _add_1_1523_add_4_38/CO undriven or does not drive anything - clipped.
Signal _add_1_1628_add_4_2/S0 undriven or does not drive anything - clipped.
Signal _add_1_1628_add_4_2/CI undriven or does not drive anything - clipped.
Signal add_3638_19/CO undriven or does not drive anything - clipped.
Signal add_3643_1/S1 undriven or does not drive anything - clipped.
Signal add_3643_1/S0 undriven or does not drive anything - clipped.
Signal add_3643_1/CI undriven or does not drive anything - clipped.
Signal add_3643_3/S0 undriven or does not drive anything - clipped.
Signal add_3643_11/CO undriven or does not drive anything - clipped.
Signal add_3635_1/S1 undriven or does not drive anything - clipped.
Signal add_3635_1/S0 undriven or does not drive anything - clipped.
Signal add_3635_1/CI undriven or does not drive anything - clipped.
Signal add_3635_3/S0 undriven or does not drive anything - clipped.
Signal add_3635_19/CO undriven or does not drive anything - clipped.
Signal add_3642_1/S1 undriven or does not drive anything - clipped.
Signal add_3642_1/S0 undriven or does not drive anything - clipped.
Signal add_3642_1/CI undriven or does not drive anything - clipped.
Signal add_3642_3/S0 undriven or does not drive anything - clipped.
Signal add_3642_13/CO undriven or does not drive anything - clipped.
Signal add_3641_1/S1 undriven or does not drive anything - clipped.
Signal add_3641_1/S0 undriven or does not drive anything - clipped.
Signal add_3641_1/CI undriven or does not drive anything - clipped.
Signal add_3641_3/S0 undriven or does not drive anything - clipped.
Signal add_3641_19/CO undriven or does not drive anything - clipped.
Signal add_3646_1/S1 undriven or does not drive anything - clipped.
Signal add_3646_1/S0 undriven or does not drive anything - clipped.
Signal add_3646_1/CI undriven or does not drive anything - clipped.
Signal add_3646_3/S0 undriven or does not drive anything - clipped.
Signal add_3646_17/CO undriven or does not drive anything - clipped.
Signal _add_1_1562_add_4_38/S1 undriven or does not drive anything - clipped.
Signal _add_1_1562_add_4_38/CO undriven or does not drive anything - clipped.
Signal add_3645_1/S1 undriven or does not drive anything - clipped.
Signal add_3645_1/S0 undriven or does not drive anything - clipped.
Signal add_3645_1/CI undriven or does not drive anything - clipped.
Signal _add_1_1454_add_4_1/S0 undriven or does not drive anything - clipped.
Signal _add_1_1454_add_4_1/CI undriven or does not drive anything - clipped.
Signal _add_1_1619_add_4_16/S1 undriven or does not drive anything - clipped.
Signal _add_1_1619_add_4_16/S0 undriven or does not drive anything - clipped.

                                    Page 6




Design:  top                                           Date:  09/05/24  13:43:12

Removed logic (cont)
--------------------
Signal _add_1_1619_add_4_12/S1 undriven or does not drive anything - clipped.
Signal _add_1_1619_add_4_12/S0 undriven or does not drive anything - clipped.
Signal _add_1_1619_add_4_2/S1 undriven or does not drive anything - clipped.
Signal _add_1_1619_add_4_2/S0 undriven or does not drive anything - clipped.
Signal _add_1_1619_add_4_2/CI undriven or does not drive anything - clipped.
Signal _add_1_1619_add_4_6/S1 undriven or does not drive anything - clipped.
Signal _add_1_1619_add_4_6/S0 undriven or does not drive anything - clipped.
Signal _add_1_1619_add_4_8/S1 undriven or does not drive anything - clipped.
Signal _add_1_1619_add_4_8/S0 undriven or does not drive anything - clipped.
Signal _add_1_1619_add_4_18/S1 undriven or does not drive anything - clipped.
Signal _add_1_1619_add_4_18/S0 undriven or does not drive anything - clipped.
Signal _add_1_1619_add_4_10/S1 undriven or does not drive anything - clipped.
Signal _add_1_1619_add_4_10/S0 undriven or does not drive anything - clipped.
Signal _add_1_1619_add_4_20/S1 undriven or does not drive anything - clipped.
Signal _add_1_1619_add_4_20/S0 undriven or does not drive anything - clipped.
Signal _add_1_1619_add_4_14/S1 undriven or does not drive anything - clipped.
Signal _add_1_1619_add_4_14/S0 undriven or does not drive anything - clipped.
Signal _add_1_1619_add_4_22/S1 undriven or does not drive anything - clipped.
Signal _add_1_1619_add_4_22/S0 undriven or does not drive anything - clipped.
Signal _add_1_1619_add_4_24/S1 undriven or does not drive anything - clipped.
Signal _add_1_1619_add_4_24/S0 undriven or does not drive anything - clipped.
Signal _add_1_1619_add_4_26/S1 undriven or does not drive anything - clipped.
Signal _add_1_1619_add_4_26/S0 undriven or does not drive anything - clipped.
Signal _add_1_1619_add_4_28/S1 undriven or does not drive anything - clipped.
Signal _add_1_1619_add_4_28/S0 undriven or does not drive anything - clipped.
Signal _add_1_1619_add_4_30/S1 undriven or does not drive anything - clipped.
Signal _add_1_1619_add_4_30/S0 undriven or does not drive anything - clipped.
Signal _add_1_1619_add_4_32/S1 undriven or does not drive anything - clipped.
Signal _add_1_1619_add_4_32/S0 undriven or does not drive anything - clipped.
Signal _add_1_1619_add_4_34/S1 undriven or does not drive anything - clipped.
Signal _add_1_1619_add_4_34/S0 undriven or does not drive anything - clipped.
Signal _add_1_1619_add_4_36/S1 undriven or does not drive anything - clipped.
Signal _add_1_1619_add_4_36/S0 undriven or does not drive anything - clipped.
Signal _add_1_1619_add_4_38/S0 undriven or does not drive anything - clipped.
Signal _add_1_1619_add_4_38/CO undriven or does not drive anything - clipped.
Signal _add_1_1568_add_4_2/S0 undriven or does not drive anything - clipped.
Signal _add_1_1568_add_4_2/CI undriven or does not drive anything - clipped.
Signal _add_1_1568_add_4_38/S1 undriven or does not drive anything - clipped.
Signal _add_1_1568_add_4_38/CO undriven or does not drive anything - clipped.
Signal _add_1_1517_add_4_1/S1 undriven or does not drive anything - clipped.
Signal _add_1_1517_add_4_1/S0 undriven or does not drive anything - clipped.
Signal _add_1_1517_add_4_1/CI undriven or does not drive anything - clipped.
Signal _add_1_1517_add_4_37/CO undriven or does not drive anything - clipped.
Signal _add_1_1430_add_4_1/S0 undriven or does not drive anything - clipped.
Signal _add_1_1430_add_4_1/CI undriven or does not drive anything - clipped.
Signal _add_1_1430_add_4_17/S1 undriven or does not drive anything - clipped.
Signal _add_1_1430_add_4_17/CO undriven or does not drive anything - clipped.
Signal _add_1_1580_add_4_2/S0 undriven or does not drive anything - clipped.
Signal _add_1_1580_add_4_2/CI undriven or does not drive anything - clipped.
Signal _add_1_1580_add_4_38/S1 undriven or does not drive anything - clipped.
Signal _add_1_1580_add_4_38/CO undriven or does not drive anything - clipped.
Signal _add_1_1634_add_4_2/S1 undriven or does not drive anything - clipped.
Signal _add_1_1634_add_4_2/S0 undriven or does not drive anything - clipped.
Signal _add_1_1634_add_4_2/CI undriven or does not drive anything - clipped.
Signal _add_1_1634_add_4_4/S1 undriven or does not drive anything - clipped.
Signal _add_1_1634_add_4_4/S0 undriven or does not drive anything - clipped.

                                    Page 7




Design:  top                                           Date:  09/05/24  13:43:12

Removed logic (cont)
--------------------
Signal _add_1_1634_add_4_6/S1 undriven or does not drive anything - clipped.
Signal _add_1_1634_add_4_6/S0 undriven or does not drive anything - clipped.
Signal _add_1_1634_add_4_8/S1 undriven or does not drive anything - clipped.
Signal _add_1_1634_add_4_8/S0 undriven or does not drive anything - clipped.
Signal _add_1_1634_add_4_10/S1 undriven or does not drive anything - clipped.
Signal _add_1_1634_add_4_10/S0 undriven or does not drive anything - clipped.
Signal _add_1_1634_add_4_12/S1 undriven or does not drive anything - clipped.
Signal _add_1_1634_add_4_12/S0 undriven or does not drive anything - clipped.
Signal _add_1_1634_add_4_14/S1 undriven or does not drive anything - clipped.
Signal _add_1_1634_add_4_14/S0 undriven or does not drive anything - clipped.
Signal _add_1_1634_add_4_16/S1 undriven or does not drive anything - clipped.
Signal _add_1_1634_add_4_16/S0 undriven or does not drive anything - clipped.
Signal _add_1_1634_add_4_18/S1 undriven or does not drive anything - clipped.
Signal _add_1_1634_add_4_18/S0 undriven or does not drive anything - clipped.
Signal _add_1_1634_add_4_20/S1 undriven or does not drive anything - clipped.
Signal _add_1_1634_add_4_20/S0 undriven or does not drive anything - clipped.
Signal _add_1_1634_add_4_22/S1 undriven or does not drive anything - clipped.
Signal _add_1_1634_add_4_22/S0 undriven or does not drive anything - clipped.
Signal _add_1_1634_add_4_38/S1 undriven or does not drive anything - clipped.
Signal _add_1_1634_add_4_38/CO undriven or does not drive anything - clipped.
Signal _add_1_1469_add_4_1/S1 undriven or does not drive anything - clipped.
Signal _add_1_1469_add_4_1/S0 undriven or does not drive anything - clipped.
Signal _add_1_1469_add_4_1/CI undriven or does not drive anything - clipped.
Signal _add_1_1469_add_4_3/S1 undriven or does not drive anything - clipped.
Signal _add_1_1469_add_4_3/S0 undriven or does not drive anything - clipped.
Signal _add_1_1469_add_4_5/S1 undriven or does not drive anything - clipped.
Signal _add_1_1469_add_4_5/S0 undriven or does not drive anything - clipped.
Signal _add_1_1469_add_4_7/S1 undriven or does not drive anything - clipped.
Signal _add_1_1469_add_4_7/S0 undriven or does not drive anything - clipped.
Signal _add_1_1469_add_4_9/S1 undriven or does not drive anything - clipped.
Signal _add_1_1469_add_4_9/S0 undriven or does not drive anything - clipped.
Signal _add_1_1469_add_4_11/S1 undriven or does not drive anything - clipped.
Signal _add_1_1469_add_4_11/S0 undriven or does not drive anything - clipped.
Signal _add_1_1469_add_4_13/S1 undriven or does not drive anything - clipped.
Signal _add_1_1469_add_4_13/S0 undriven or does not drive anything - clipped.
Signal _add_1_1469_add_4_15/S1 undriven or does not drive anything - clipped.
Signal _add_1_1469_add_4_15/S0 undriven or does not drive anything - clipped.
Signal _add_1_1469_add_4_17/S1 undriven or does not drive anything - clipped.
Signal _add_1_1469_add_4_17/S0 undriven or does not drive anything - clipped.
Signal _add_1_1469_add_4_19/S1 undriven or does not drive anything - clipped.
Signal _add_1_1469_add_4_19/S0 undriven or does not drive anything - clipped.
Signal _add_1_1469_add_4_21/S1 undriven or does not drive anything - clipped.
Signal _add_1_1469_add_4_21/S0 undriven or does not drive anything - clipped.
Signal _add_1_1469_add_4_37/S1 undriven or does not drive anything - clipped.
Signal _add_1_1469_add_4_37/CO undriven or does not drive anything - clipped.
Signal _add_1_add_4_2/S0 undriven or does not drive anything - clipped.
Signal _add_1_add_4_2/CI undriven or does not drive anything - clipped.
Signal _add_1_add_4_38/CO undriven or does not drive anything - clipped.
Signal _add_1_1604_add_4_2/S0 undriven or does not drive anything - clipped.
Signal _add_1_1604_add_4_2/CI undriven or does not drive anything - clipped.
Signal _add_1_1604_add_4_38/CO undriven or does not drive anything - clipped.
Signal _add_1_1406_add_4_1/S0 undriven or does not drive anything - clipped.
Signal _add_1_1406_add_4_1/CI undriven or does not drive anything - clipped.
Signal _add_1_1406_add_4_61/S1 undriven or does not drive anything - clipped.
Signal _add_1_1406_add_4_61/CO undriven or does not drive anything - clipped.
Signal _add_1_1571_add_4_2/S0 undriven or does not drive anything - clipped.

                                    Page 8




Design:  top                                           Date:  09/05/24  13:43:12

Removed logic (cont)
--------------------
Signal _add_1_1571_add_4_2/CI undriven or does not drive anything - clipped.
Signal _add_1_1571_add_4_38/S1 undriven or does not drive anything - clipped.
Signal _add_1_1571_add_4_38/CO undriven or does not drive anything - clipped.
Signal _add_1_1418_add_4_2/S0 undriven or does not drive anything - clipped.
Signal _add_1_1418_add_4_2/CI undriven or does not drive anything - clipped.
Signal _add_1_1418_add_4_cout/S1 undriven or does not drive anything - clipped.
Signal _add_1_1418_add_4_cout/CO undriven or does not drive anything - clipped.
Signal _add_1_1652_add_4_2/S0 undriven or does not drive anything - clipped.
Signal _add_1_1652_add_4_2/CI undriven or does not drive anything - clipped.
Signal _add_1_1652_add_4_cout/S1 undriven or does not drive anything - clipped.
Signal _add_1_1652_add_4_cout/CO undriven or does not drive anything - clipped.
Signal _add_1_1415_add_4_2/S0 undriven or does not drive anything - clipped.
Signal _add_1_1415_add_4_2/CI undriven or does not drive anything - clipped.
Signal _add_1_1415_add_4_cout/S1 undriven or does not drive anything - clipped.
Signal _add_1_1415_add_4_cout/CO undriven or does not drive anything - clipped.
Signal _add_1_1427_add_4_2/S0 undriven or does not drive anything - clipped.
Signal _add_1_1427_add_4_2/CI undriven or does not drive anything - clipped.
Signal _add_1_1427_add_4_cout/S1 undriven or does not drive anything - clipped.
Signal _add_1_1427_add_4_cout/CO undriven or does not drive anything - clipped.
Signal _add_1_1424_add_4_2/S0 undriven or does not drive anything - clipped.
Signal _add_1_1424_add_4_2/CI undriven or does not drive anything - clipped.
Signal _add_1_1424_add_4_cout/S1 undriven or does not drive anything - clipped.
Signal _add_1_1424_add_4_cout/CO undriven or does not drive anything - clipped.
Signal _add_1_1421_add_4_2/S0 undriven or does not drive anything - clipped.
Signal _add_1_1421_add_4_2/CI undriven or does not drive anything - clipped.
Signal _add_1_1421_add_4_cout/S1 undriven or does not drive anything - clipped.
Signal _add_1_1421_add_4_cout/CO undriven or does not drive anything - clipped.
Signal _add_1_1550_add_4_2/S0 undriven or does not drive anything - clipped.
Signal _add_1_1550_add_4_2/CI undriven or does not drive anything - clipped.
Signal _add_1_1550_add_4_38/S1 undriven or does not drive anything - clipped.
Signal _add_1_1550_add_4_38/CO undriven or does not drive anything - clipped.
Signal _add_1_1601_add_4_2/S0 undriven or does not drive anything - clipped.
Signal _add_1_1601_add_4_2/CI undriven or does not drive anything - clipped.
Signal _add_1_1601_add_4_38/CO undriven or does not drive anything - clipped.
Signal _add_1_1553_add_4_2/S0 undriven or does not drive anything - clipped.
Signal _add_1_1553_add_4_2/CI undriven or does not drive anything - clipped.
Signal _add_1_1553_add_4_38/S1 undriven or does not drive anything - clipped.
Signal _add_1_1553_add_4_38/CO undriven or does not drive anything - clipped.
Signal _add_1_1565_add_4_2/S0 undriven or does not drive anything - clipped.
Signal _add_1_1565_add_4_2/CI undriven or does not drive anything - clipped.
Signal add_3645_65/CO undriven or does not drive anything - clipped.
Signal add_3639_1/S1 undriven or does not drive anything - clipped.
Signal add_3639_1/S0 undriven or does not drive anything - clipped.
Signal add_3639_1/CI undriven or does not drive anything - clipped.
Signal _add_1_1454_add_4_13/S1 undriven or does not drive anything - clipped.
Signal _add_1_1454_add_4_13/CO undriven or does not drive anything - clipped.
Signal _add_1_1649_add_4_2/S1 undriven or does not drive anything - clipped.
Signal _add_1_1649_add_4_2/S0 undriven or does not drive anything - clipped.
Signal _add_1_1649_add_4_2/CI undriven or does not drive anything - clipped.
Signal _add_1_1649_add_4_4/S1 undriven or does not drive anything - clipped.
Signal _add_1_1649_add_4_4/S0 undriven or does not drive anything - clipped.
Signal _add_1_1649_add_4_6/S1 undriven or does not drive anything - clipped.
Signal _add_1_1649_add_4_6/S0 undriven or does not drive anything - clipped.
Signal _add_1_1649_add_4_8/S1 undriven or does not drive anything - clipped.
Signal _add_1_1649_add_4_8/S0 undriven or does not drive anything - clipped.
Signal _add_1_1649_add_4_10/S1 undriven or does not drive anything - clipped.

                                    Page 9




Design:  top                                           Date:  09/05/24  13:43:12

Removed logic (cont)
--------------------
Signal _add_1_1649_add_4_10/S0 undriven or does not drive anything - clipped.
Signal _add_1_1649_add_4_12/S0 undriven or does not drive anything - clipped.
Signal _add_1_1649_add_4_12/CO undriven or does not drive anything - clipped.
Signal phase_accum_add_4_2/S0 undriven or does not drive anything - clipped.
Signal phase_accum_add_4_2/CI undriven or does not drive anything - clipped.
Signal phase_accum_add_4_64/CO undriven or does not drive anything - clipped.
Signal _add_1_1643_add_4_2/S0 undriven or does not drive anything - clipped.
Signal _add_1_1643_add_4_2/CI undriven or does not drive anything - clipped.
Signal _add_1_1643_add_4_38/S1 undriven or does not drive anything - clipped.
Signal _add_1_1643_add_4_38/CO undriven or does not drive anything - clipped.
Signal _add_1_1640_add_4_2/S0 undriven or does not drive anything - clipped.
Signal _add_1_1640_add_4_2/CI undriven or does not drive anything - clipped.
Signal _add_1_1640_add_4_38/S1 undriven or does not drive anything - clipped.
Signal _add_1_1640_add_4_38/CO undriven or does not drive anything - clipped.
Signal _add_1_1592_add_4_2/S0 undriven or does not drive anything - clipped.
Signal _add_1_1592_add_4_2/CI undriven or does not drive anything - clipped.
Signal _add_1_1592_add_4_38/CO undriven or does not drive anything - clipped.
Signal _add_1_1589_add_4_2/S1 undriven or does not drive anything - clipped.
Signal _add_1_1589_add_4_2/S0 undriven or does not drive anything - clipped.
Signal _add_1_1589_add_4_2/CI undriven or does not drive anything - clipped.
Signal _add_1_1589_add_4_4/S1 undriven or does not drive anything - clipped.
Signal _add_1_1589_add_4_4/S0 undriven or does not drive anything - clipped.
Signal _add_1_1589_add_4_6/S1 undriven or does not drive anything - clipped.
Signal _add_1_1589_add_4_6/S0 undriven or does not drive anything - clipped.
Signal _add_1_1589_add_4_8/S1 undriven or does not drive anything - clipped.
Signal _add_1_1589_add_4_8/S0 undriven or does not drive anything - clipped.
Signal _add_1_1589_add_4_10/S1 undriven or does not drive anything - clipped.
Signal _add_1_1589_add_4_10/S0 undriven or does not drive anything - clipped.
Signal _add_1_1589_add_4_12/S1 undriven or does not drive anything - clipped.
Signal _add_1_1589_add_4_12/S0 undriven or does not drive anything - clipped.
Signal _add_1_1589_add_4_14/S1 undriven or does not drive anything - clipped.
Signal _add_1_1589_add_4_14/S0 undriven or does not drive anything - clipped.
Signal _add_1_1589_add_4_16/S1 undriven or does not drive anything - clipped.
Signal _add_1_1589_add_4_16/S0 undriven or does not drive anything - clipped.
Signal _add_1_1589_add_4_18/S1 undriven or does not drive anything - clipped.
Signal _add_1_1589_add_4_18/S0 undriven or does not drive anything - clipped.
Signal _add_1_1589_add_4_20/S1 undriven or does not drive anything - clipped.
Signal _add_1_1589_add_4_20/CO undriven or does not drive anything - clipped.
Signal _add_1_1586_add_4_2/S0 undriven or does not drive anything - clipped.
Signal _add_1_1586_add_4_2/CI undriven or does not drive anything - clipped.
Signal _add_1_1586_add_4_38/S1 undriven or does not drive anything - clipped.
Signal _add_1_1586_add_4_38/CO undriven or does not drive anything - clipped.
Signal _add_1_1583_add_4_2/S1 undriven or does not drive anything - clipped.
Signal _add_1_1583_add_4_2/S0 undriven or does not drive anything - clipped.
Signal _add_1_1583_add_4_2/CI undriven or does not drive anything - clipped.
Signal _add_1_1583_add_4_4/S1 undriven or does not drive anything - clipped.
Signal _add_1_1583_add_4_4/S0 undriven or does not drive anything - clipped.
Signal _add_1_1583_add_4_6/S1 undriven or does not drive anything - clipped.
Signal _add_1_1583_add_4_6/S0 undriven or does not drive anything - clipped.
Signal _add_1_1583_add_4_8/S1 undriven or does not drive anything - clipped.
Signal _add_1_1583_add_4_8/S0 undriven or does not drive anything - clipped.
Signal _add_1_1583_add_4_10/S1 undriven or does not drive anything - clipped.
Signal _add_1_1583_add_4_10/S0 undriven or does not drive anything - clipped.
Signal _add_1_1583_add_4_12/S1 undriven or does not drive anything - clipped.
Signal _add_1_1583_add_4_12/S0 undriven or does not drive anything - clipped.
Signal _add_1_1583_add_4_14/S1 undriven or does not drive anything - clipped.

                                   Page 10




Design:  top                                           Date:  09/05/24  13:43:12

Removed logic (cont)
--------------------
Signal _add_1_1583_add_4_14/S0 undriven or does not drive anything - clipped.
Signal _add_1_1583_add_4_16/S1 undriven or does not drive anything - clipped.
Signal _add_1_1583_add_4_16/S0 undriven or does not drive anything - clipped.
Signal _add_1_1583_add_4_18/S1 undriven or does not drive anything - clipped.
Signal _add_1_1583_add_4_18/S0 undriven or does not drive anything - clipped.
Signal _add_1_1583_add_4_20/S1 undriven or does not drive anything - clipped.
Signal _add_1_1583_add_4_20/S0 undriven or does not drive anything - clipped.
Signal _add_1_1583_add_4_22/S1 undriven or does not drive anything - clipped.
Signal _add_1_1583_add_4_22/S0 undriven or does not drive anything - clipped.
Signal _add_1_1565_add_4_38/S1 undriven or does not drive anything - clipped.
Signal _add_1_1565_add_4_38/CO undriven or does not drive anything - clipped.
Signal _add_1_1511_add_4_1/S1 undriven or does not drive anything - clipped.
Signal _add_1_1511_add_4_1/S0 undriven or does not drive anything - clipped.
Signal _add_1_1511_add_4_1/CI undriven or does not drive anything - clipped.
Signal _add_1_1511_add_4_37/CO undriven or does not drive anything - clipped.
Signal _add_1_1508_add_4_1/S1 undriven or does not drive anything - clipped.
Signal _add_1_1508_add_4_1/S0 undriven or does not drive anything - clipped.
Signal _add_1_1508_add_4_1/CI undriven or does not drive anything - clipped.
Signal _add_1_1508_add_4_37/CO undriven or does not drive anything - clipped.
Signal _add_1_1505_add_4_1/S1 undriven or does not drive anything - clipped.
Signal _add_1_1505_add_4_1/S0 undriven or does not drive anything - clipped.
Signal _add_1_1505_add_4_1/CI undriven or does not drive anything - clipped.
Signal _add_1_1505_add_4_37/CO undriven or does not drive anything - clipped.
Signal _add_1_1502_add_4_1/S1 undriven or does not drive anything - clipped.
Signal _add_1_1502_add_4_1/S0 undriven or does not drive anything - clipped.
Signal _add_1_1502_add_4_1/CI undriven or does not drive anything - clipped.
Signal _add_1_1502_add_4_37/CO undriven or does not drive anything - clipped.
Signal _add_1_1577_add_4_2/S0 undriven or does not drive anything - clipped.
Signal _add_1_1577_add_4_2/CI undriven or does not drive anything - clipped.
Signal _add_1_1577_add_4_38/S1 undriven or does not drive anything - clipped.
Signal _add_1_1577_add_4_38/CO undriven or does not drive anything - clipped.
Signal _add_1_1556_add_4_2/S0 undriven or does not drive anything - clipped.
Signal _add_1_1556_add_4_2/CI undriven or does not drive anything - clipped.
Signal _add_1_1556_add_4_38/S1 undriven or does not drive anything - clipped.
Signal _add_1_1556_add_4_38/CO undriven or does not drive anything - clipped.
Signal _add_1_1499_add_4_1/S1 undriven or does not drive anything - clipped.
Signal _add_1_1499_add_4_1/S0 undriven or does not drive anything - clipped.
Signal _add_1_1499_add_4_1/CI undriven or does not drive anything - clipped.
Signal _add_1_1499_add_4_37/CO undriven or does not drive anything - clipped.
Signal _add_1_1610_add_4_2/S0 undriven or does not drive anything - clipped.
Signal _add_1_1610_add_4_2/CI undriven or does not drive anything - clipped.
Signal _add_1_1610_add_4_38/CO undriven or does not drive anything - clipped.
Signal _add_1_1496_add_4_1/S1 undriven or does not drive anything - clipped.
Signal _add_1_1496_add_4_1/S0 undriven or does not drive anything - clipped.
Signal _add_1_1496_add_4_1/CI undriven or does not drive anything - clipped.
Signal _add_1_1496_add_4_37/CO undriven or does not drive anything - clipped.
Signal _add_1_1613_add_4_2/S0 undriven or does not drive anything - clipped.
Signal _add_1_1613_add_4_2/CI undriven or does not drive anything - clipped.
Signal _add_1_1613_add_4_38/CO undriven or does not drive anything - clipped.
Signal _add_1_1412_add_4_1/S0 undriven or does not drive anything - clipped.
Signal _add_1_1412_add_4_1/CI undriven or does not drive anything - clipped.
Signal add_3639_3/S1 undriven or does not drive anything - clipped.
Signal add_3639_3/S0 undriven or does not drive anything - clipped.
Signal add_3639_5/S1 undriven or does not drive anything - clipped.
Signal add_3639_5/S0 undriven or does not drive anything - clipped.
Signal ISquare_add_4_2/S0 undriven or does not drive anything - clipped.

                                   Page 11




Design:  top                                           Date:  09/05/24  13:43:12

Removed logic (cont)
--------------------
Signal ISquare_add_4_2/CI undriven or does not drive anything - clipped.
Signal add_3639_7/S1 undriven or does not drive anything - clipped.
Signal add_3639_7/S0 undriven or does not drive anything - clipped.
Signal add_3639_9/S1 undriven or does not drive anything - clipped.
Signal add_3639_9/S0 undriven or does not drive anything - clipped.
Signal add_3639_11/S1 undriven or does not drive anything - clipped.
Signal add_3639_11/S0 undriven or does not drive anything - clipped.
Signal add_3639_13/S1 undriven or does not drive anything - clipped.
Signal add_3639_13/S0 undriven or does not drive anything - clipped.
Signal add_3639_15/S1 undriven or does not drive anything - clipped.
Signal add_3639_15/S0 undriven or does not drive anything - clipped.
Signal add_3639_17/S0 undriven or does not drive anything - clipped.
Signal add_3639_17/CO undriven or does not drive anything - clipped.
Signal add_3637_1/S1 undriven or does not drive anything - clipped.
Signal add_3637_1/S0 undriven or does not drive anything - clipped.
Signal add_3637_1/CI undriven or does not drive anything - clipped.
Signal add_3637_3/S0 undriven or does not drive anything - clipped.
Signal add_3637_19/CO undriven or does not drive anything - clipped.
Signal _add_1_1412_add_4_63/CO undriven or does not drive anything - clipped.
Signal _add_1_1457_add_4_1/S0 undriven or does not drive anything - clipped.
Signal _add_1_1457_add_4_1/CI undriven or does not drive anything - clipped.
Signal _add_1_1457_add_4_13/S1 undriven or does not drive anything - clipped.
Signal _add_1_1457_add_4_13/CO undriven or does not drive anything - clipped.
Signal _add_1_1493_add_4_1/S1 undriven or does not drive anything - clipped.
Signal _add_1_1493_add_4_1/S0 undriven or does not drive anything - clipped.
Signal _add_1_1493_add_4_1/CI undriven or does not drive anything - clipped.
Signal _add_1_1493_add_4_37/CO undriven or does not drive anything - clipped.
Signal _add_1_1595_add_4_2/S1 undriven or does not drive anything - clipped.
Signal _add_1_1595_add_4_2/S0 undriven or does not drive anything - clipped.
Signal _add_1_1595_add_4_2/CI undriven or does not drive anything - clipped.
Signal _add_1_1595_add_4_4/S1 undriven or does not drive anything - clipped.
Signal _add_1_1595_add_4_4/S0 undriven or does not drive anything - clipped.
Signal _add_1_1595_add_4_6/S1 undriven or does not drive anything - clipped.
Signal _add_1_1595_add_4_6/S0 undriven or does not drive anything - clipped.
Signal _add_1_1595_add_4_8/S1 undriven or does not drive anything - clipped.
Signal _add_1_1595_add_4_8/S0 undriven or does not drive anything - clipped.
Signal _add_1_1595_add_4_10/S1 undriven or does not drive anything - clipped.
Signal _add_1_1595_add_4_10/S0 undriven or does not drive anything - clipped.
Signal _add_1_1595_add_4_12/S1 undriven or does not drive anything - clipped.
Signal _add_1_1595_add_4_12/S0 undriven or does not drive anything - clipped.
Signal _add_1_1595_add_4_14/S1 undriven or does not drive anything - clipped.
Signal _add_1_1595_add_4_14/S0 undriven or does not drive anything - clipped.
Signal add_3644_1/S1 undriven or does not drive anything - clipped.
Signal add_3644_1/S0 undriven or does not drive anything - clipped.
Signal add_3644_1/CI undriven or does not drive anything - clipped.
Signal add_3644_3/S0 undriven or does not drive anything - clipped.
Signal add_3644_15/CO undriven or does not drive anything - clipped.
Signal _add_1_1628_add_4_38/S1 undriven or does not drive anything - clipped.
Signal _add_1_1628_add_4_38/CO undriven or does not drive anything - clipped.
Signal _add_1_1631_add_4_2/S0 undriven or does not drive anything - clipped.
Signal _add_1_1631_add_4_2/CI undriven or does not drive anything - clipped.
Signal _add_1_1631_add_4_38/S1 undriven or does not drive anything - clipped.
Signal _add_1_1631_add_4_38/CO undriven or does not drive anything - clipped.
Signal _add_1_1625_add_4_2/S0 undriven or does not drive anything - clipped.
Signal _add_1_1625_add_4_2/CI undriven or does not drive anything - clipped.
Signal _add_1_1448_add_4_37/CO undriven or does not drive anything - clipped.

                                   Page 12




Design:  top                                           Date:  09/05/24  13:43:12

Removed logic (cont)
--------------------
Signal _add_1_1481_add_4_1/S1 undriven or does not drive anything - clipped.
Signal _add_1_1481_add_4_1/S0 undriven or does not drive anything - clipped.
Signal _add_1_1481_add_4_1/CI undriven or does not drive anything - clipped.
Signal _add_1_1481_add_4_37/CO undriven or does not drive anything - clipped.
Signal _add_1_1445_add_4_1/S0 undriven or does not drive anything - clipped.
Signal _add_1_1445_add_4_1/CI undriven or does not drive anything - clipped.
Signal _add_1_1445_add_4_17/S1 undriven or does not drive anything - clipped.
Signal _add_1_1445_add_4_17/CO undriven or does not drive anything - clipped.
Signal _add_1_1466_add_4_1/S1 undriven or does not drive anything - clipped.
Signal _add_1_1466_add_4_1/S0 undriven or does not drive anything - clipped.
Signal _add_1_1466_add_4_1/CI undriven or does not drive anything - clipped.
Signal _add_1_1583_add_4_38/S1 undriven or does not drive anything - clipped.
Signal _add_1_1583_add_4_38/CO undriven or does not drive anything - clipped.
Signal _add_1_1574_add_4_2/S0 undriven or does not drive anything - clipped.
Signal _add_1_1574_add_4_2/CI undriven or does not drive anything - clipped.
Signal uart_rx1/r_Clock_Count_1009_add_4_1/S0 undriven or does not drive
     anything - clipped.
Signal uart_rx1/r_Clock_Count_1009_add_4_1/CI undriven or does not drive
     anything - clipped.
Signal uart_rx1/r_Clock_Count_1009_add_4_17/S1 undriven or does not drive
     anything - clipped.
Signal uart_rx1/r_Clock_Count_1009_add_4_17/CO undriven or does not drive
     anything - clipped.
Signal uart_rx1/UartClk_1007_1031_add_4_1/S0 undriven or does not drive anything
     - clipped.
Signal uart_rx1/UartClk_1007_1031_add_4_1/CI undriven or does not drive anything
     - clipped.
Signal uart_rx1/UartClk_1007_1031_add_4_3/CO undriven or does not drive anything
     - clipped.
Signal _add_1_1574_add_4_38/S1 undriven or does not drive anything - clipped.
Signal _add_1_1574_add_4_38/CO undriven or does not drive anything - clipped.
Signal _add_1_1490_add_4_1/S1 undriven or does not drive anything - clipped.
Signal _add_1_1490_add_4_1/S0 undriven or does not drive anything - clipped.
Signal _add_1_1490_add_4_1/CI undriven or does not drive anything - clipped.
Signal _add_1_1595_add_4_16/S1 undriven or does not drive anything - clipped.
Signal _add_1_1595_add_4_16/S0 undriven or does not drive anything - clipped.
Signal _add_1_1595_add_4_18/S1 undriven or does not drive anything - clipped.
Signal _add_1_1595_add_4_18/S0 undriven or does not drive anything - clipped.
Signal _add_1_1595_add_4_20/S1 undriven or does not drive anything - clipped.
Signal _add_1_1595_add_4_20/S0 undriven or does not drive anything - clipped.
Signal _add_1_1595_add_4_22/S1 undriven or does not drive anything - clipped.
Signal _add_1_1595_add_4_22/S0 undriven or does not drive anything - clipped.
Signal _add_1_1595_add_4_24/S1 undriven or does not drive anything - clipped.
Signal _add_1_1595_add_4_24/S0 undriven or does not drive anything - clipped.
Signal _add_1_1595_add_4_26/S1 undriven or does not drive anything - clipped.
Signal _add_1_1595_add_4_26/S0 undriven or does not drive anything - clipped.
Signal _add_1_1595_add_4_28/S1 undriven or does not drive anything - clipped.
Signal _add_1_1595_add_4_28/S0 undriven or does not drive anything - clipped.
Signal _add_1_1595_add_4_30/S1 undriven or does not drive anything - clipped.
Signal _add_1_1595_add_4_30/S0 undriven or does not drive anything - clipped.
Signal _add_1_1595_add_4_32/S1 undriven or does not drive anything - clipped.
Signal _add_1_1595_add_4_32/S0 undriven or does not drive anything - clipped.
Signal _add_1_1595_add_4_34/S1 undriven or does not drive anything - clipped.
Signal _add_1_1595_add_4_34/S0 undriven or does not drive anything - clipped.
Signal _add_1_1595_add_4_36/S1 undriven or does not drive anything - clipped.
Signal _add_1_1595_add_4_36/S0 undriven or does not drive anything - clipped.

                                   Page 13




Design:  top                                           Date:  09/05/24  13:43:12

Removed logic (cont)
--------------------
Signal _add_1_1595_add_4_38/S0 undriven or does not drive anything - clipped.
Signal _add_1_1595_add_4_38/CO undriven or does not drive anything - clipped.
Signal _add_1_1472_add_4_1/S1 undriven or does not drive anything - clipped.
Signal _add_1_1472_add_4_1/S0 undriven or does not drive anything - clipped.
Signal _add_1_1472_add_4_1/CI undriven or does not drive anything - clipped.
Signal _add_1_1484_add_4_37/S1 undriven or does not drive anything - clipped.
Signal _add_1_1484_add_4_37/CO undriven or does not drive anything - clipped.
Signal _add_1_1625_add_4_38/S1 undriven or does not drive anything - clipped.
Signal _add_1_1625_add_4_38/CO undriven or does not drive anything - clipped.
Signal ISquare_add_4_26/S1 undriven or does not drive anything - clipped.
Signal ISquare_add_4_26/CO undriven or does not drive anything - clipped.
Signal _add_1_1487_add_4_1/S1 undriven or does not drive anything - clipped.
Signal _add_1_1487_add_4_1/S0 undriven or does not drive anything - clipped.
Signal _add_1_1487_add_4_1/CI undriven or does not drive anything - clipped.
Signal _add_1_1448_add_4_1/S1 undriven or does not drive anything - clipped.
Signal _add_1_1448_add_4_1/S0 undriven or does not drive anything - clipped.
Signal _add_1_1448_add_4_1/CI undriven or does not drive anything - clipped.
Signal _add_1_1478_add_4_37/CO undriven or does not drive anything - clipped.
Signal _add_1_1442_add_4_2/S0 undriven or does not drive anything - clipped.
Signal _add_1_1442_add_4_2/CI undriven or does not drive anything - clipped.
Signal _add_1_1637_add_4_38/S1 undriven or does not drive anything - clipped.
Signal _add_1_1637_add_4_38/CO undriven or does not drive anything - clipped.
Signal _add_1_1487_add_4_37/CO undriven or does not drive anything - clipped.
Signal _add_1_1484_add_4_1/S1 undriven or does not drive anything - clipped.
Signal _add_1_1484_add_4_1/S0 undriven or does not drive anything - clipped.
Signal _add_1_1484_add_4_1/CI undriven or does not drive anything - clipped.
Signal _add_1_1475_add_4_1/S1 undriven or does not drive anything - clipped.
Signal _add_1_1475_add_4_1/S0 undriven or does not drive anything - clipped.
Signal _add_1_1475_add_4_1/CI undriven or does not drive anything - clipped.
Signal _add_1_1484_add_4_3/S1 undriven or does not drive anything - clipped.
Signal _add_1_1484_add_4_3/S0 undriven or does not drive anything - clipped.
Signal _add_1_1478_add_4_1/S1 undriven or does not drive anything - clipped.
Signal _add_1_1478_add_4_1/S0 undriven or does not drive anything - clipped.
Signal _add_1_1478_add_4_1/CI undriven or does not drive anything - clipped.
Signal _add_1_1484_add_4_5/S1 undriven or does not drive anything - clipped.
Signal _add_1_1484_add_4_5/S0 undriven or does not drive anything - clipped.
Signal _add_1_1484_add_4_7/S1 undriven or does not drive anything - clipped.
Signal _add_1_1484_add_4_7/S0 undriven or does not drive anything - clipped.
Signal _add_1_1484_add_4_9/S1 undriven or does not drive anything - clipped.
Signal _add_1_1484_add_4_9/S0 undriven or does not drive anything - clipped.
Signal _add_1_1484_add_4_11/S1 undriven or does not drive anything - clipped.
Signal _add_1_1484_add_4_11/S0 undriven or does not drive anything - clipped.
Signal _add_1_1466_add_4_37/CO undriven or does not drive anything - clipped.
Signal _add_1_1484_add_4_13/S1 undriven or does not drive anything - clipped.
Signal _add_1_1484_add_4_13/S0 undriven or does not drive anything - clipped.
Signal _add_1_1442_add_4_cout/S1 undriven or does not drive anything - clipped.
Signal _add_1_1442_add_4_cout/CO undriven or does not drive anything - clipped.
Signal _add_1_1484_add_4_15/S1 undriven or does not drive anything - clipped.
Signal _add_1_1484_add_4_15/S0 undriven or does not drive anything - clipped.
Signal _add_1_1484_add_4_17/S1 undriven or does not drive anything - clipped.
Signal _add_1_1484_add_4_17/S0 undriven or does not drive anything - clipped.
Signal _add_1_1472_add_4_37/CO undriven or does not drive anything - clipped.
Signal _add_1_1484_add_4_19/S1 undriven or does not drive anything - clipped.
Signal _add_1_1484_add_4_19/S0 undriven or does not drive anything - clipped.
Signal _add_1_1484_add_4_21/S1 undriven or does not drive anything - clipped.
Signal _add_1_1484_add_4_21/S0 undriven or does not drive anything - clipped.

                                   Page 14




Design:  top                                           Date:  09/05/24  13:43:12

Removed logic (cont)
--------------------
Signal PWM1/counter_1006_add_4_1/S0 undriven or does not drive anything -
     clipped.
Signal PWM1/counter_1006_add_4_1/CI undriven or does not drive anything -
     clipped.
Signal PWM1/counter_1006_add_4_11/S1 undriven or does not drive anything -
     clipped.
Signal PWM1/counter_1006_add_4_11/CO undriven or does not drive anything -
     clipped.
Signal _add_1_1439_add_4_cout/S1 undriven or does not drive anything - clipped.
Signal _add_1_1439_add_4_cout/CO undriven or does not drive anything - clipped.
Signal _add_1_1637_add_4_2/S0 undriven or does not drive anything - clipped.
Signal _add_1_1637_add_4_2/CI undriven or does not drive anything - clipped.
Signal _add_1_1439_add_4_2/S0 undriven or does not drive anything - clipped.
Signal _add_1_1439_add_4_2/CI undriven or does not drive anything - clipped.
Block SinCos1/INV_1 was optimized away.
Block uart_rx1/i2840_1_lut was optimized away.
Block i2 was optimized away.

DSP Component Details
---------------------


     . MULT18X18D  AMDemodulator1/Multiplier2/dsp_mult_0:

     Multiplier
	Operation A		Signed
	Operation A Registers	CLK	CE	RST
	--------------------------------------------
		Input		CLK0	CE0	RST0
		Pipeline	CLK0	CE0	RST0

     	Operation B		Signed
	Operation B Registers	CLK	CE	RST
	--------------------------------------------
		Input		CLK0	CE0	RST0
		Pipeline	CLK0	CE0	RST0
Data
	Input Registers		CLK	CE	RST	Source
	-------------------------------------------------------
		A		CLK0	CE0	RST0	A Data In
		B		CLK0	CE0	RST0	B Data In
		C		    	   	    	N/A
	Cascaded Match

     	Pipeline Registers	CLK	CE	RST
	--------------------------------------------
		Pipe		CLK0	CE0	RST0

     	Output Register		CLK	CE	RST
	--------------------------------------------
		Output		CLK0	CE0	RST0
Other
	SOURCEB_MODE	B_SHIFT
	MULT_BYPASS	DISABLED
	CAS_MATCH_REG	FALSE
	GSR		DISABLED

                                   Page 15




Design:  top                                           Date:  09/05/24  13:43:12

DSP Component Details (cont)
----------------------------
	RESETMODE	ASYNC
	CLK0_DIV	ENABLED
	CLK1_DIV	ENABLED
	CLK2_DIV	ENABLED
	CLK3_DIV	ENABLED
	HIGHSPEED_CLK	NONE
	PSE17		0b00000000000000000
	PSE35		0b00000000000000000
     
	C_PSE17		0b00000000000000000

     . MULT18X18D  AMDemodulator1/Multiplier1/dsp_mult_0:

     Multiplier
	Operation A		Signed
	Operation A Registers	CLK	CE	RST
	--------------------------------------------
		Input		CLK0	CE0	RST0
		Pipeline	CLK0	CE0	RST0

     	Operation B		Signed
	Operation B Registers	CLK	CE	RST
	--------------------------------------------
		Input		CLK0	CE0	RST0
		Pipeline	CLK0	CE0	RST0
Data
	Input Registers		CLK	CE	RST	Source
	-------------------------------------------------------
		A		CLK0	CE0	RST0	A Data In
		B		CLK0	CE0	RST0	B Data In
		C		    	   	    	N/A
	Cascaded Match

     	Pipeline Registers	CLK	CE	RST
	--------------------------------------------
		Pipe		CLK0	CE0	RST0

     	Output Register		CLK	CE	RST
	--------------------------------------------
		Output		CLK0	CE0	RST0
Other
	SOURCEB_MODE	B_SHIFT
	MULT_BYPASS	DISABLED
	CAS_MATCH_REG	FALSE
	GSR		DISABLED
	RESETMODE	ASYNC
	CLK0_DIV	ENABLED
	CLK1_DIV	ENABLED
	CLK2_DIV	ENABLED
	CLK3_DIV	ENABLED
	HIGHSPEED_CLK	NONE
	PSE17		0b00000000000000000
	PSE35		0b00000000000000000
     
	C_PSE17		0b00000000000000000


                                   Page 16




Design:  top                                           Date:  09/05/24  13:43:12

DSP Component Details (cont)
----------------------------
     

PLL/DLL Summary
---------------

PLL 1:                                     Pin/Node Value
  PLL Instance Name:                                PLL1/PLLInst_0
  PLL Type:                                         EHXPLLL
  Input Clock:                             PIN      osc_clk_c
  Input Clock2:                                     NONE
  Input Clock select:                               NONE
  Output Clock(P):                         NODE     clk_80mhz
  Feedback Signal:                         NODE     PLL1/CLKFB_t
  Reset Signal:                                     NONE
  Standby Signal:                          NODE     GND_net
  Input Clock Frequency (MHz):                      25.0000
  Output Clock(P) Frequency (MHz):                  83.3333
  CLKOP Post Divider A Input:                       DIVA
  CLKOS Post Divider B Input:                       DIVB
  CLKOS2 Post Divider C Input:                      DIVC
  CLKOS3 Post Divider D Input:                      DIVD
  Pre Divider A Input:                              NONE
  Pre Divider B Input:                              NONE
  Pre Divider C Input:                              NONE
  Pre Divider D Input:                              NONE
  FB_MODE:                                          INT_OP
  CLKI Divider:                                     3
  CLKFB Divider:                                    10
  CLKOP Divider:                                    7
  CLKOS Divider:                                    1
  CLKOS2 Divider:                                   1
  CLKOS3 Divider:                                   1
  Fractional N Divider:                             NONE
  CLKOP Desired Phase Shift(degree):                0
  CLKOP Trim Option Rising/Falling:                 FALLING
  CLKOP Trim Option Delay:                          0
  CLKOS Desired Phase Shift(degree):                0
  CLKOS Trim Option Rising/Falling:                 FALLING
  CLKOS Trim Option Delay:                          0
  CLKOS2 Desired Phase Shift(degree):               0
  CLKOS2 Trim Option Rising/Falling:                NONE
  CLKOS2 Trim Option Delay:                         NONE
  CLKOS3 Desired Phase Shift(degree):               0
  CLKOS3 Trim Option Rising/Falling:                NONE
  CLKOS3 Trim Option Delay:                         NONE

ASIC Components
---------------

Instance Name: PLL1/PLLInst_0
         Type: EHXPLLL
Instance Name: AMDemodulator1/Multiplier2/dsp_mult_0
         Type: MULT18X18D
Instance Name: AMDemodulator1/Multiplier1/dsp_mult_0
         Type: MULT18X18D


                                   Page 17




Design:  top                                           Date:  09/05/24  13:43:12

Run Time and Memory Usage
-------------------------

   Total CPU Time: 7 secs  
   Total REAL Time: 8 secs  
   Peak Memory Usage: 484 MB
        




















































                                   Page 18


Copyright (c) 1991-1994 by NeoCAD Inc. All rights reserved.
     Copyright (c) 1995 AT&T Corp.   All rights reserved.
     Copyright (c) 1995-2001 Lucent Technologies Inc.  All rights reserved.
     Copyright (c) 2001 Agere Systems   All rights reserved.
     Copyright (c) 2002-2023 Lattice Semiconductor Corporation,  All rights
     reserved.
