--------------------------------------------------------------------------------
Lattice Synthesis Timing Report, Version  
Thu May 30 00:34:06 2024

Copyright (c) 1991-1994 by NeoCAD Inc. All rights reserved.
Copyright (c) 1995 AT&T Corp.   All rights reserved.
Copyright (c) 1995-2001 Lucent Technologies Inc.  All rights reserved.
Copyright (c) 2001 Agere Systems   All rights reserved.
Copyright (c) 2002-2023 Lattice Semiconductor Corporation,  All rights reserved.

Report Information
------------------
Design:     top
Constraint file:  
Report level:    verbose report, limited to 3 items per constraint
--------------------------------------------------------------------------------



================================================================================
Constraint: create_clock -period 5.000000 -name clk2 [get_nets \uart_rx_inst/UartClk[2]]
            1594 items scored, 1148 timing errors detected.
--------------------------------------------------------------------------------


Error:  The following path violates requirements by 4.508ns

 Logical Details:  Cell type  Pin type       Cell name  (clock net +/-)

   Source:         FD1P3IX    CK             \uart_rx_inst/r_Clock_Count_1008__i1  (from \uart_rx_inst/UartClk[2] +)
   Destination:    FD1P3AX    SP             \uart_rx_inst/r_Rx_Byte_i7  (to \uart_rx_inst/UartClk[2] +)

   Delay:                   9.587ns  (14.2% logic, 85.8% route), 7 logic levels.

 Constraint Details:

      9.587ns data_path \uart_rx_inst/r_Clock_Count_1008__i1 to \uart_rx_inst/r_Rx_Byte_i7 violates
      5.000ns delay constraint less
     -0.079ns LCE_S requirement (totaling 5.079ns) by 4.508ns

 Path Details: \uart_rx_inst/r_Clock_Count_1008__i1 to \uart_rx_inst/r_Rx_Byte_i7

   Name    Fanout   Delay (ns)          Pins               Resource(Cell.Net)
L_CO        ---     0.365             CK to Q              \uart_rx_inst/r_Clock_Count_1008__i1 (from \uart_rx_inst/UartClk[2])
Route         5   e 1.441                                  \uart_rx_inst/r_Clock_Count[1]
LUT4        ---     0.166              A to Z              \uart_rx_inst/i5844_2_lut
Route         1   e 1.020                                  \uart_rx_inst/n17135
LUT4        ---     0.166              D to Z              \uart_rx_inst/i5891_4_lut
Route         1   e 1.020                                  \uart_rx_inst/n17183
LUT4        ---     0.166              D to Z              \uart_rx_inst/i1_4_lut_rep_163
Route        14   e 1.547                                  \uart_rx_inst/n17935
LUT4        ---     0.166              B to Z              \uart_rx_inst/i1_2_lut_rep_156
Route         1   e 1.020                                  \uart_rx_inst/n17928
LUT4        ---     0.166              B to Z              \uart_rx_inst/i1_4_lut_adj_53
Route         2   e 1.158                                  \uart_rx_inst/n17060
LUT4        ---     0.166              B to Z              \uart_rx_inst/i6344_3_lut
Route         1   e 1.020                                  \uart_rx_inst/UartClk[2]_enable_33
                  --------
                    9.587  (14.2% logic, 85.8% route), 7 logic levels.


Error:  The following path violates requirements by 4.508ns

 Logical Details:  Cell type  Pin type       Cell name  (clock net +/-)

   Source:         FD1P3IX    CK             \uart_rx_inst/r_Clock_Count_1008__i1  (from \uart_rx_inst/UartClk[2] +)
   Destination:    FD1P3AX    SP             \uart_rx_inst/r_Rx_Byte_i5  (to \uart_rx_inst/UartClk[2] +)

   Delay:                   9.587ns  (14.2% logic, 85.8% route), 7 logic levels.

 Constraint Details:

      9.587ns data_path \uart_rx_inst/r_Clock_Count_1008__i1 to \uart_rx_inst/r_Rx_Byte_i5 violates
      5.000ns delay constraint less
     -0.079ns LCE_S requirement (totaling 5.079ns) by 4.508ns

 Path Details: \uart_rx_inst/r_Clock_Count_1008__i1 to \uart_rx_inst/r_Rx_Byte_i5

   Name    Fanout   Delay (ns)          Pins               Resource(Cell.Net)
L_CO        ---     0.365             CK to Q              \uart_rx_inst/r_Clock_Count_1008__i1 (from \uart_rx_inst/UartClk[2])
Route         5   e 1.441                                  \uart_rx_inst/r_Clock_Count[1]
LUT4        ---     0.166              A to Z              \uart_rx_inst/i5844_2_lut
Route         1   e 1.020                                  \uart_rx_inst/n17135
LUT4        ---     0.166              D to Z              \uart_rx_inst/i5891_4_lut
Route         1   e 1.020                                  \uart_rx_inst/n17183
LUT4        ---     0.166              D to Z              \uart_rx_inst/i1_4_lut_rep_163
Route        14   e 1.547                                  \uart_rx_inst/n17935
LUT4        ---     0.166              B to Z              \uart_rx_inst/i1_2_lut_rep_156
Route         1   e 1.020                                  \uart_rx_inst/n17928
LUT4        ---     0.166              B to Z              \uart_rx_inst/i1_4_lut_adj_53
Route         2   e 1.158                                  \uart_rx_inst/n17060
LUT4        ---     0.166              C to Z              \uart_rx_inst/i6342_2_lut_3_lut
Route         1   e 1.020                                  \uart_rx_inst/UartClk[2]_enable_36
                  --------
                    9.587  (14.2% logic, 85.8% route), 7 logic levels.


Error:  The following path violates requirements by 4.406ns

 Logical Details:  Cell type  Pin type       Cell name  (clock net +/-)

   Source:         FD1P3IX    CK             \uart_rx_inst/r_Clock_Count_1008__i13  (from \uart_rx_inst/UartClk[2] +)
   Destination:    FD1P3AX    SP             \uart_rx_inst/r_Rx_Byte_i7  (to \uart_rx_inst/UartClk[2] +)

   Delay:                   9.485ns  (14.3% logic, 85.7% route), 7 logic levels.

 Constraint Details:

      9.485ns data_path \uart_rx_inst/r_Clock_Count_1008__i13 to \uart_rx_inst/r_Rx_Byte_i7 violates
      5.000ns delay constraint less
     -0.079ns LCE_S requirement (totaling 5.079ns) by 4.406ns

 Path Details: \uart_rx_inst/r_Clock_Count_1008__i13 to \uart_rx_inst/r_Rx_Byte_i7

   Name    Fanout   Delay (ns)          Pins               Resource(Cell.Net)
L_CO        ---     0.365             CK to Q              \uart_rx_inst/r_Clock_Count_1008__i13 (from \uart_rx_inst/UartClk[2])
Route         3   e 1.339                                  \uart_rx_inst/r_Clock_Count[13]
LUT4        ---     0.166              A to Z              \uart_rx_inst/i1_2_lut_adj_57
Route         1   e 1.020                                  \uart_rx_inst/n17361
LUT4        ---     0.166              B to Z              \uart_rx_inst/i1_4_lut_adj_56
Route         1   e 1.020                                  \uart_rx_inst/n17365
LUT4        ---     0.166              B to Z              \uart_rx_inst/i1_4_lut_rep_163
Route        14   e 1.547                                  \uart_rx_inst/n17935
LUT4        ---     0.166              B to Z              \uart_rx_inst/i1_2_lut_rep_156
Route         1   e 1.020                                  \uart_rx_inst/n17928
LUT4        ---     0.166              B to Z              \uart_rx_inst/i1_4_lut_adj_53
Route         2   e 1.158                                  \uart_rx_inst/n17060
LUT4        ---     0.166              B to Z              \uart_rx_inst/i6344_3_lut
Route         1   e 1.020                                  \uart_rx_inst/UartClk[2]_enable_33
                  --------
                    9.485  (14.3% logic, 85.7% route), 7 logic levels.

Warning: 9.508 ns is the maximum delay for this constraint.



================================================================================
Constraint: create_clock -period 5.000000 -name clk1 [get_nets CIC1_out_clkSin]
            4096 items scored, 4096 timing errors detected.
--------------------------------------------------------------------------------


Error:  The following path violates requirements by 32.384ns

 Logical Details:  Cell type  Pin type       Cell name  (clock net +/-)

   Source:         FD1S3AX    CK             ISquare_e3__i25  (from CIC1_out_clkSin +)
   Destination:    FD1S3AX    D              \AMDemodulator_inst/d_out_d__0_i1  (to CIC1_out_clkSin +)

   Delay:                  37.559ns  (24.4% logic, 75.6% route), 76 logic levels.

 Constraint Details:

     37.559ns data_path ISquare_e3__i25 to \AMDemodulator_inst/d_out_d__0_i1 violates
      5.000ns delay constraint less
     -0.175ns L_S requirement (totaling 5.175ns) by 32.384ns

 Path Details: ISquare_e3__i25 to \AMDemodulator_inst/d_out_d__0_i1

   Name    Fanout   Delay (ns)          Pins               Resource(Cell.Net)
L_CO        ---     0.365             CK to Q              ISquare_e3__i25 (from CIC1_out_clkSin)
Route        48   e 1.894                                  ISquare[31]
LUT4        ---     0.166              A to Z              \AMDemodulator_inst/i1344_1_lut
Route         3   e 1.239                                  n213_adj_4637
A1_TO_FCO   ---     0.329           C[2] to COUT           add_3826_1
Route         1   e 0.020                                  n16603
FCI_TO_FCO  ---     0.051            CIN to COUT           add_3826_3
Route         1   e 0.020                                  n16604
FCI_TO_FCO  ---     0.051            CIN to COUT           add_3826_5
Route         1   e 0.020                                  n16605
FCI_TO_FCO  ---     0.051            CIN to COUT           add_3826_7
Route         1   e 0.020                                  n16606
FCI_TO_FCO  ---     0.051            CIN to COUT           add_3826_9
Route         1   e 0.020                                  n16607
FCI_TO_F    ---     0.322            CIN to S[2]           add_3826_11
Route        22   e 1.738                                  d_out_d_11__N_1874[17]
LUT4        ---     0.166              A to Z              \AMDemodulator_inst/d_out_d_11__I_1_1_lut
Route         2   e 1.158                                  d_out_d_11__N_1873
A1_TO_F     ---     0.166           A[2] to S[2]           add_3834_13
Route        23   e 1.747                                  d_out_d_11__N_1876[17]
LUT4        ---     0.166              A to Z              \AMDemodulator_inst/d_out_d_11__I_2_1_lut
Route         3   e 1.239                                  d_out_d_11__N_1875
A1_TO_F     ---     0.166           A[2] to S[2]           add_3825_15
Route        24   e 1.755                                  d_out_d_11__N_1878[17]
LUT4        ---     0.166              A to Z              \AMDemodulator_inst/d_out_d_11__I_3_1_lut
Route         3   e 1.239                                  d_out_d_11__N_1877
A1_TO_F     ---     0.166           A[2] to S[2]           add_3832_17
Route        25   e 1.763                                  d_out_d_11__N_1880[17]
LUT4        ---     0.166              A to Z              \AMDemodulator_inst/d_out_d_11__I_4_1_lut
Route         3   e 1.239                                  d_out_d_11__N_1879
A1_TO_F     ---     0.166           A[2] to S[2]           add_3835_19
Route        24   e 1.755                                  d_out_d_11__N_1882[17]
A1_TO_FCO   ---     0.329           A[2] to COUT           add_3837_1
Route         1   e 0.020                                  n15497
FCI_TO_FCO  ---     0.051            CIN to COUT           add_3837_3
Route         1   e 0.020                                  n15498
FCI_TO_FCO  ---     0.051            CIN to COUT           add_3837_5
Route         1   e 0.020                                  n15499
FCI_TO_FCO  ---     0.051            CIN to COUT           add_3837_7
Route         1   e 0.020                                  n15500
FCI_TO_FCO  ---     0.051            CIN to COUT           add_3837_9
Route         1   e 0.020                                  n15501
FCI_TO_FCO  ---     0.051            CIN to COUT           add_3837_11
Route         1   e 0.020                                  n15502
FCI_TO_FCO  ---     0.051            CIN to COUT           add_3837_13
Route         1   e 0.020                                  n15503
FCI_TO_FCO  ---     0.051            CIN to COUT           add_3837_15
Route         1   e 0.020                                  n15504
FCI_TO_FCO  ---     0.051            CIN to COUT           add_3837_17
Route         1   e 0.020                                  n15505
FCI_TO_F    ---     0.322            CIN to S[2]           add_3837_19
Route        23   e 1.747                                  d_out_d_11__N_1884[17]
A1_TO_FCO   ---     0.329           A[2] to COUT           add_3836_1
Route         1   e 0.020                                  n16543
FCI_TO_FCO  ---     0.051            CIN to COUT           add_3836_3
Route         1   e 0.020                                  n16544
FCI_TO_FCO  ---     0.051            CIN to COUT           add_3836_5
Route         1   e 0.020                                  n16545
FCI_TO_FCO  ---     0.051            CIN to COUT           add_3836_7
Route         1   e 0.020                                  n16546
FCI_TO_FCO  ---     0.051            CIN to COUT           add_3836_9
Route         1   e 0.020                                  n16547
FCI_TO_FCO  ---     0.051            CIN to COUT           add_3836_11
Route         1   e 0.020                                  n16548
FCI_TO_FCO  ---     0.051            CIN to COUT           add_3836_13
Route         1   e 0.020                                  n16549
FCI_TO_FCO  ---     0.051            CIN to COUT           add_3836_15
Route         1   e 0.020                                  n16550
FCI_TO_FCO  ---     0.051            CIN to COUT           add_3836_17
Route         1   e 0.020                                  n16551
FCI_TO_F    ---     0.322            CIN to S[2]           add_3836_19
Route        22   e 1.738                                  d_out_d_11__N_1886[17]
A1_TO_FCO   ---     0.329           A[2] to COUT           add_3830_1
Route         1   e 0.020                                  n16690
FCI_TO_FCO  ---     0.051            CIN to COUT           add_3830_3
Route         1   e 0.020                                  n16691
FCI_TO_FCO  ---     0.051            CIN to COUT           add_3830_5
Route         1   e 0.020                                  n16692
FCI_TO_FCO  ---     0.051            CIN to COUT           add_3830_7
Route         1   e 0.020                                  n16693
FCI_TO_FCO  ---     0.051            CIN to COUT           add_3830_9
Route         1   e 0.020                                  n16694
FCI_TO_FCO  ---     0.051            CIN to COUT           add_3830_11
Route         1   e 0.020                                  n16695
FCI_TO_FCO  ---     0.051            CIN to COUT           add_3830_13
Route         1   e 0.020                                  n16696
FCI_TO_FCO  ---     0.051            CIN to COUT           add_3830_15
Route         1   e 0.020                                  n16697
FCI_TO_FCO  ---     0.051            CIN to COUT           add_3830_17
Route         1   e 0.020                                  n16698
FCI_TO_F    ---     0.322            CIN to S[2]           add_3830_19
Route        21   e 1.728                                  d_out_d_11__N_1888[17]
A1_TO_FCO   ---     0.329           A[2] to COUT           add_3833_1
Route         1   e 0.020                                  n16649
FCI_TO_FCO  ---     0.051            CIN to COUT           add_3833_3
Route         1   e 0.020                                  n16650
FCI_TO_FCO  ---     0.051            CIN to COUT           add_3833_5
Route         1   e 0.020                                  n16651
FCI_TO_FCO  ---     0.051            CIN to COUT           add_3833_7
Route         1   e 0.020                                  n16652
FCI_TO_FCO  ---     0.051            CIN to COUT           add_3833_9
Route         1   e 0.020                                  n16653
FCI_TO_FCO  ---     0.051            CIN to COUT           add_3833_11
Route         1   e 0.020                                  n16654
FCI_TO_FCO  ---     0.051            CIN to COUT           add_3833_13
Route         1   e 0.020                                  n16655
FCI_TO_FCO  ---     0.051            CIN to COUT           add_3833_15
Route         1   e 0.020                                  n16656
FCI_TO_FCO  ---     0.051            CIN to COUT           add_3833_17
Route         1   e 0.020                                  n16657
FCI_TO_F    ---     0.322            CIN to S[2]           add_3833_19
Route        20   e 1.719                                  d_out_d_11__N_1890[17]
A1_TO_FCO   ---     0.329           A[2] to COUT           add_3831_1
Route         1   e 0.020                                  n16676
FCI_TO_FCO  ---     0.051            CIN to COUT           add_3831_3
Route         1   e 0.020                                  n16677
FCI_TO_FCO  ---     0.051            CIN to COUT           add_3831_5
Route         1   e 0.020                                  n16678
FCI_TO_FCO  ---     0.051            CIN to COUT           add_3831_7
Route         1   e 0.020                                  n16679
FCI_TO_FCO  ---     0.051            CIN to COUT           add_3831_9
Route         1   e 0.020                                  n16680
FCI_TO_FCO  ---     0.051            CIN to COUT           add_3831_11
Route         1   e 0.020                                  n16681
FCI_TO_FCO  ---     0.051            CIN to COUT           add_3831_13
Route         1   e 0.020                                  n16682
FCI_TO_FCO  ---     0.051            CIN to COUT           add_3831_15
Route         1   e 0.020                                  n16683
FCI_TO_FCO  ---     0.051            CIN to COUT           add_3831_17
Route         1   e 0.020                                  n16684
FCI_TO_F    ---     0.322            CIN to S[2]           add_3831_19
Route         6   e 1.478                                  d_out_d_11__N_1892[17]
A1_TO_FCO   ---     0.329           A[2] to COUT           add_3827_1
Route         1   e 0.020                                  n16579
FCI_TO_FCO  ---     0.051            CIN to COUT           add_3827_3
Route         1   e 0.020                                  n16580
FCI_TO_FCO  ---     0.051            CIN to COUT           add_3827_5
Route         1   e 0.020                                  n16581
FCI_TO_FCO  ---     0.051            CIN to COUT           add_3827_7
Route         1   e 0.020                                  n16582
FCI_TO_FCO  ---     0.051            CIN to COUT           add_3827_9
Route         1   e 0.020                                  n16583
FCI_TO_FCO  ---     0.051            CIN to COUT           add_3827_11
Route         1   e 0.020                                  n16584
FCI_TO_FCO  ---     0.051            CIN to COUT           add_3827_13
Route         1   e 0.020                                  n16585
FCI_TO_FCO  ---     0.051            CIN to COUT           add_3827_15
Route         1   e 0.020                                  n16586
FCI_TO_F    ---     0.322            CIN to S[2]           add_3827_17
Route         1   e 1.020                                  d_out_d_11__N_2401[17]
LUT4        ---     0.166              B to Z              \AMDemodulator_inst/mux_81_i1_3_lut
Route         1   e 1.020                                  \AMDemodulator_inst/d_out_d_11__N_1894[17]
                  --------
                   37.559  (24.4% logic, 75.6% route), 76 logic levels.


Error:  The following path violates requirements by 32.384ns

 Logical Details:  Cell type  Pin type       Cell name  (clock net +/-)

   Source:         FD1S3AX    CK             ISquare_e3__i25  (from CIC1_out_clkSin +)
   Destination:    FD1S3AX    D              \AMDemodulator_inst/d_out_d__0_i1  (to CIC1_out_clkSin +)

   Delay:                  37.559ns  (24.4% logic, 75.6% route), 76 logic levels.

 Constraint Details:

     37.559ns data_path ISquare_e3__i25 to \AMDemodulator_inst/d_out_d__0_i1 violates
      5.000ns delay constraint less
     -0.175ns L_S requirement (totaling 5.175ns) by 32.384ns

 Path Details: ISquare_e3__i25 to \AMDemodulator_inst/d_out_d__0_i1

   Name    Fanout   Delay (ns)          Pins               Resource(Cell.Net)
L_CO        ---     0.365             CK to Q              ISquare_e3__i25 (from CIC1_out_clkSin)
Route        48   e 1.894                                  ISquare[31]
LUT4        ---     0.166              A to Z              \AMDemodulator_inst/i1344_1_lut
Route         3   e 1.239                                  n213_adj_4637
A1_TO_FCO   ---     0.329           C[2] to COUT           add_3826_1
Route         1   e 0.020                                  n16603
FCI_TO_FCO  ---     0.051            CIN to COUT           add_3826_3
Route         1   e 0.020                                  n16604
FCI_TO_FCO  ---     0.051            CIN to COUT           add_3826_5
Route         1   e 0.020                                  n16605
FCI_TO_FCO  ---     0.051            CIN to COUT           add_3826_7
Route         1   e 0.020                                  n16606
FCI_TO_FCO  ---     0.051            CIN to COUT           add_3826_9
Route         1   e 0.020                                  n16607
FCI_TO_F    ---     0.322            CIN to S[2]           add_3826_11
Route        22   e 1.738                                  d_out_d_11__N_1874[17]
LUT4        ---     0.166              A to Z              \AMDemodulator_inst/d_out_d_11__I_1_1_lut
Route         2   e 1.158                                  d_out_d_11__N_1873
A1_TO_F     ---     0.166           A[2] to S[2]           add_3834_13
Route        23   e 1.747                                  d_out_d_11__N_1876[17]
LUT4        ---     0.166              A to Z              \AMDemodulator_inst/d_out_d_11__I_2_1_lut
Route         3   e 1.239                                  d_out_d_11__N_1875
A1_TO_F     ---     0.166           A[2] to S[2]           add_3825_15
Route        24   e 1.755                                  d_out_d_11__N_1878[17]
LUT4        ---     0.166              A to Z              \AMDemodulator_inst/d_out_d_11__I_3_1_lut
Route         3   e 1.239                                  d_out_d_11__N_1877
A1_TO_F     ---     0.166           A[2] to S[2]           add_3832_17
Route        25   e 1.763                                  d_out_d_11__N_1880[17]
LUT4        ---     0.166              A to Z              \AMDemodulator_inst/d_out_d_11__I_4_1_lut
Route         3   e 1.239                                  d_out_d_11__N_1879
A1_TO_F     ---     0.166           A[2] to S[2]           add_3835_19
Route        24   e 1.755                                  d_out_d_11__N_1882[17]
A1_TO_FCO   ---     0.329           A[2] to COUT           add_3837_1
Route         1   e 0.020                                  n15497
FCI_TO_FCO  ---     0.051            CIN to COUT           add_3837_3
Route         1   e 0.020                                  n15498
FCI_TO_FCO  ---     0.051            CIN to COUT           add_3837_5
Route         1   e 0.020                                  n15499
FCI_TO_FCO  ---     0.051            CIN to COUT           add_3837_7
Route         1   e 0.020                                  n15500
FCI_TO_FCO  ---     0.051            CIN to COUT           add_3837_9
Route         1   e 0.020                                  n15501
FCI_TO_FCO  ---     0.051            CIN to COUT           add_3837_11
Route         1   e 0.020                                  n15502
FCI_TO_FCO  ---     0.051            CIN to COUT           add_3837_13
Route         1   e 0.020                                  n15503
FCI_TO_FCO  ---     0.051            CIN to COUT           add_3837_15
Route         1   e 0.020                                  n15504
FCI_TO_FCO  ---     0.051            CIN to COUT           add_3837_17
Route         1   e 0.020                                  n15505
FCI_TO_F    ---     0.322            CIN to S[2]           add_3837_19
Route        23   e 1.747                                  d_out_d_11__N_1884[17]
A1_TO_FCO   ---     0.329           A[2] to COUT           add_3836_1
Route         1   e 0.020                                  n16543
FCI_TO_FCO  ---     0.051            CIN to COUT           add_3836_3
Route         1   e 0.020                                  n16544
FCI_TO_FCO  ---     0.051            CIN to COUT           add_3836_5
Route         1   e 0.020                                  n16545
FCI_TO_FCO  ---     0.051            CIN to COUT           add_3836_7
Route         1   e 0.020                                  n16546
FCI_TO_FCO  ---     0.051            CIN to COUT           add_3836_9
Route         1   e 0.020                                  n16547
FCI_TO_FCO  ---     0.051            CIN to COUT           add_3836_11
Route         1   e 0.020                                  n16548
FCI_TO_FCO  ---     0.051            CIN to COUT           add_3836_13
Route         1   e 0.020                                  n16549
FCI_TO_FCO  ---     0.051            CIN to COUT           add_3836_15
Route         1   e 0.020                                  n16550
FCI_TO_FCO  ---     0.051            CIN to COUT           add_3836_17
Route         1   e 0.020                                  n16551
FCI_TO_F    ---     0.322            CIN to S[2]           add_3836_19
Route        22   e 1.738                                  d_out_d_11__N_1886[17]
A1_TO_FCO   ---     0.329           A[2] to COUT           add_3830_1
Route         1   e 0.020                                  n16690
FCI_TO_FCO  ---     0.051            CIN to COUT           add_3830_3
Route         1   e 0.020                                  n16691
FCI_TO_FCO  ---     0.051            CIN to COUT           add_3830_5
Route         1   e 0.020                                  n16692
FCI_TO_FCO  ---     0.051            CIN to COUT           add_3830_7
Route         1   e 0.020                                  n16693
FCI_TO_FCO  ---     0.051            CIN to COUT           add_3830_9
Route         1   e 0.020                                  n16694
FCI_TO_FCO  ---     0.051            CIN to COUT           add_3830_11
Route         1   e 0.020                                  n16695
FCI_TO_FCO  ---     0.051            CIN to COUT           add_3830_13
Route         1   e 0.020                                  n16696
FCI_TO_FCO  ---     0.051            CIN to COUT           add_3830_15
Route         1   e 0.020                                  n16697
FCI_TO_FCO  ---     0.051            CIN to COUT           add_3830_17
Route         1   e 0.020                                  n16698
FCI_TO_F    ---     0.322            CIN to S[2]           add_3830_19
Route        21   e 1.728                                  d_out_d_11__N_1888[17]
A1_TO_FCO   ---     0.329           A[2] to COUT           add_3833_1
Route         1   e 0.020                                  n16649
FCI_TO_FCO  ---     0.051            CIN to COUT           add_3833_3
Route         1   e 0.020                                  n16650
FCI_TO_FCO  ---     0.051            CIN to COUT           add_3833_5
Route         1   e 0.020                                  n16651
FCI_TO_FCO  ---     0.051            CIN to COUT           add_3833_7
Route         1   e 0.020                                  n16652
FCI_TO_FCO  ---     0.051            CIN to COUT           add_3833_9
Route         1   e 0.020                                  n16653
FCI_TO_FCO  ---     0.051            CIN to COUT           add_3833_11
Route         1   e 0.020                                  n16654
FCI_TO_FCO  ---     0.051            CIN to COUT           add_3833_13
Route         1   e 0.020                                  n16655
FCI_TO_FCO  ---     0.051            CIN to COUT           add_3833_15
Route         1   e 0.020                                  n16656
FCI_TO_FCO  ---     0.051            CIN to COUT           add_3833_17
Route         1   e 0.020                                  n16657
FCI_TO_F    ---     0.322            CIN to S[2]           add_3833_19
Route        20   e 1.719                                  d_out_d_11__N_1890[17]
A1_TO_FCO   ---     0.329           A[2] to COUT           add_3831_1
Route         1   e 0.020                                  n16676
FCI_TO_FCO  ---     0.051            CIN to COUT           add_3831_3
Route         1   e 0.020                                  n16677
FCI_TO_FCO  ---     0.051            CIN to COUT           add_3831_5
Route         1   e 0.020                                  n16678
FCI_TO_FCO  ---     0.051            CIN to COUT           add_3831_7
Route         1   e 0.020                                  n16679
FCI_TO_FCO  ---     0.051            CIN to COUT           add_3831_9
Route         1   e 0.020                                  n16680
FCI_TO_FCO  ---     0.051            CIN to COUT           add_3831_11
Route         1   e 0.020                                  n16681
FCI_TO_FCO  ---     0.051            CIN to COUT           add_3831_13
Route         1   e 0.020                                  n16682
FCI_TO_FCO  ---     0.051            CIN to COUT           add_3831_15
Route         1   e 0.020                                  n16683
FCI_TO_FCO  ---     0.051            CIN to COUT           add_3831_17
Route         1   e 0.020                                  n16684
FCI_TO_F    ---     0.322            CIN to S[2]           add_3831_19
Route         6   e 1.478                                  d_out_d_11__N_1892[17]
A1_TO_FCO   ---     0.329           A[2] to COUT           _add_1_1591_add_4_4
Route         1   e 0.020                                  n15413
FCI_TO_FCO  ---     0.051            CIN to COUT           _add_1_1591_add_4_6
Route         1   e 0.020                                  n15414
FCI_TO_FCO  ---     0.051            CIN to COUT           _add_1_1591_add_4_8
Route         1   e 0.020                                  n15415
FCI_TO_FCO  ---     0.051            CIN to COUT           _add_1_1591_add_4_10
Route         1   e 0.020                                  n15416
FCI_TO_FCO  ---     0.051            CIN to COUT           _add_1_1591_add_4_12
Route         1   e 0.020                                  n15417
FCI_TO_FCO  ---     0.051            CIN to COUT           _add_1_1591_add_4_14
Route         1   e 0.020                                  n15418
FCI_TO_FCO  ---     0.051            CIN to COUT           _add_1_1591_add_4_16
Route         1   e 0.020                                  n15419
FCI_TO_FCO  ---     0.051            CIN to COUT           _add_1_1591_add_4_18
Route         1   e 0.020                                  n15420
FCI_TO_F    ---     0.322            CIN to S[2]           _add_1_1591_add_4_20
Route         1   e 1.020                                  d_out_d_11__N_2383[17]
LUT4        ---     0.166              A to Z              \AMDemodulator_inst/mux_81_i1_3_lut
Route         1   e 1.020                                  \AMDemodulator_inst/d_out_d_11__N_1894[17]
                  --------
                   37.559  (24.4% logic, 75.6% route), 76 logic levels.


Error:  The following path violates requirements by 32.384ns

 Logical Details:  Cell type  Pin type       Cell name  (clock net +/-)

   Source:         FD1S3AX    CK             ISquare_e3__i25  (from CIC1_out_clkSin +)
   Destination:    FD1S3AX    D              \AMDemodulator_inst/d_out_d__0_i1  (to CIC1_out_clkSin +)

   Delay:                  37.559ns  (24.4% logic, 75.6% route), 76 logic levels.

 Constraint Details:

     37.559ns data_path ISquare_e3__i25 to \AMDemodulator_inst/d_out_d__0_i1 violates
      5.000ns delay constraint less
     -0.175ns L_S requirement (totaling 5.175ns) by 32.384ns

 Path Details: ISquare_e3__i25 to \AMDemodulator_inst/d_out_d__0_i1

   Name    Fanout   Delay (ns)          Pins               Resource(Cell.Net)
L_CO        ---     0.365             CK to Q              ISquare_e3__i25 (from CIC1_out_clkSin)
Route        48   e 1.894                                  ISquare[31]
LUT4        ---     0.166              A to Z              \AMDemodulator_inst/i1344_1_lut
Route         3   e 1.239                                  n213_adj_4637
A1_TO_FCO   ---     0.329           C[2] to COUT           add_3826_1
Route         1   e 0.020                                  n16603
FCI_TO_FCO  ---     0.051            CIN to COUT           add_3826_3
Route         1   e 0.020                                  n16604
FCI_TO_FCO  ---     0.051            CIN to COUT           add_3826_5
Route         1   e 0.020                                  n16605
FCI_TO_FCO  ---     0.051            CIN to COUT           add_3826_7
Route         1   e 0.020                                  n16606
FCI_TO_FCO  ---     0.051            CIN to COUT           add_3826_9
Route         1   e 0.020                                  n16607
FCI_TO_F    ---     0.322            CIN to S[2]           add_3826_11
Route        22   e 1.738                                  d_out_d_11__N_1874[17]
LUT4        ---     0.166              A to Z              \AMDemodulator_inst/d_out_d_11__I_1_1_lut
Route         2   e 1.158                                  d_out_d_11__N_1873
A1_TO_F     ---     0.166           A[2] to S[2]           add_3834_13
Route        23   e 1.747                                  d_out_d_11__N_1876[17]
LUT4        ---     0.166              A to Z              \AMDemodulator_inst/d_out_d_11__I_2_1_lut
Route         3   e 1.239                                  d_out_d_11__N_1875
A1_TO_F     ---     0.166           A[2] to S[2]           add_3825_15
Route        24   e 1.755                                  d_out_d_11__N_1878[17]
LUT4        ---     0.166              A to Z              \AMDemodulator_inst/d_out_d_11__I_3_1_lut
Route         3   e 1.239                                  d_out_d_11__N_1877
A1_TO_F     ---     0.166           A[2] to S[2]           add_3832_17
Route        25   e 1.763                                  d_out_d_11__N_1880[17]
LUT4        ---     0.166              A to Z              \AMDemodulator_inst/d_out_d_11__I_4_1_lut
Route         3   e 1.239                                  d_out_d_11__N_1879
A1_TO_F     ---     0.166           A[2] to S[2]           add_3835_19
Route        24   e 1.755                                  d_out_d_11__N_1882[17]
A1_TO_FCO   ---     0.329           A[2] to COUT           add_3837_1
Route         1   e 0.020                                  n15497
FCI_TO_FCO  ---     0.051            CIN to COUT           add_3837_3
Route         1   e 0.020                                  n15498
FCI_TO_FCO  ---     0.051            CIN to COUT           add_3837_5
Route         1   e 0.020                                  n15499
FCI_TO_FCO  ---     0.051            CIN to COUT           add_3837_7
Route         1   e 0.020                                  n15500
FCI_TO_FCO  ---     0.051            CIN to COUT           add_3837_9
Route         1   e 0.020                                  n15501
FCI_TO_FCO  ---     0.051            CIN to COUT           add_3837_11
Route         1   e 0.020                                  n15502
FCI_TO_FCO  ---     0.051            CIN to COUT           add_3837_13
Route         1   e 0.020                                  n15503
FCI_TO_FCO  ---     0.051            CIN to COUT           add_3837_15
Route         1   e 0.020                                  n15504
FCI_TO_FCO  ---     0.051            CIN to COUT           add_3837_17
Route         1   e 0.020                                  n15505
FCI_TO_F    ---     0.322            CIN to S[2]           add_3837_19
Route        23   e 1.747                                  d_out_d_11__N_1884[17]
A1_TO_FCO   ---     0.329           A[2] to COUT           add_3836_1
Route         1   e 0.020                                  n16543
FCI_TO_FCO  ---     0.051            CIN to COUT           add_3836_3
Route         1   e 0.020                                  n16544
FCI_TO_FCO  ---     0.051            CIN to COUT           add_3836_5
Route         1   e 0.020                                  n16545
FCI_TO_FCO  ---     0.051            CIN to COUT           add_3836_7
Route         1   e 0.020                                  n16546
FCI_TO_FCO  ---     0.051            CIN to COUT           add_3836_9
Route         1   e 0.020                                  n16547
FCI_TO_FCO  ---     0.051            CIN to COUT           add_3836_11
Route         1   e 0.020                                  n16548
FCI_TO_FCO  ---     0.051            CIN to COUT           add_3836_13
Route         1   e 0.020                                  n16549
FCI_TO_FCO  ---     0.051            CIN to COUT           add_3836_15
Route         1   e 0.020                                  n16550
FCI_TO_FCO  ---     0.051            CIN to COUT           add_3836_17
Route         1   e 0.020                                  n16551
FCI_TO_F    ---     0.322            CIN to S[2]           add_3836_19
Route        22   e 1.738                                  d_out_d_11__N_1886[17]
A1_TO_FCO   ---     0.329           A[2] to COUT           add_3830_1
Route         1   e 0.020                                  n16690
FCI_TO_FCO  ---     0.051            CIN to COUT           add_3830_3
Route         1   e 0.020                                  n16691
FCI_TO_FCO  ---     0.051            CIN to COUT           add_3830_5
Route         1   e 0.020                                  n16692
FCI_TO_FCO  ---     0.051            CIN to COUT           add_3830_7
Route         1   e 0.020                                  n16693
FCI_TO_FCO  ---     0.051            CIN to COUT           add_3830_9
Route         1   e 0.020                                  n16694
FCI_TO_FCO  ---     0.051            CIN to COUT           add_3830_11
Route         1   e 0.020                                  n16695
FCI_TO_FCO  ---     0.051            CIN to COUT           add_3830_13
Route         1   e 0.020                                  n16696
FCI_TO_FCO  ---     0.051            CIN to COUT           add_3830_15
Route         1   e 0.020                                  n16697
FCI_TO_FCO  ---     0.051            CIN to COUT           add_3830_17
Route         1   e 0.020                                  n16698
FCI_TO_F    ---     0.322            CIN to S[2]           add_3830_19
Route        21   e 1.728                                  d_out_d_11__N_1888[17]
A1_TO_FCO   ---     0.329           A[2] to COUT           add_3833_1
Route         1   e 0.020                                  n16649
FCI_TO_FCO  ---     0.051            CIN to COUT           add_3833_3
Route         1   e 0.020                                  n16650
FCI_TO_FCO  ---     0.051            CIN to COUT           add_3833_5
Route         1   e 0.020                                  n16651
FCI_TO_FCO  ---     0.051            CIN to COUT           add_3833_7
Route         1   e 0.020                                  n16652
FCI_TO_FCO  ---     0.051            CIN to COUT           add_3833_9
Route         1   e 0.020                                  n16653
FCI_TO_FCO  ---     0.051            CIN to COUT           add_3833_11
Route         1   e 0.020                                  n16654
FCI_TO_FCO  ---     0.051            CIN to COUT           add_3833_13
Route         1   e 0.020                                  n16655
FCI_TO_FCO  ---     0.051            CIN to COUT           add_3833_15
Route         1   e 0.020                                  n16656
FCI_TO_FCO  ---     0.051            CIN to COUT           add_3833_17
Route         1   e 0.020                                  n16657
FCI_TO_F    ---     0.322            CIN to S[2]           add_3833_19
Route        20   e 1.719                                  d_out_d_11__N_1890[17]
A1_TO_FCO   ---     0.329           A[2] to COUT           add_3831_1
Route         1   e 0.020                                  n16676
FCI_TO_FCO  ---     0.051            CIN to COUT           add_3831_3
Route         1   e 0.020                                  n16677
FCI_TO_FCO  ---     0.051            CIN to COUT           add_3831_5
Route         1   e 0.020                                  n16678
FCI_TO_FCO  ---     0.051            CIN to COUT           add_3831_7
Route         1   e 0.020                                  n16679
FCI_TO_FCO  ---     0.051            CIN to COUT           add_3831_9
Route         1   e 0.020                                  n16680
FCI_TO_FCO  ---     0.051            CIN to COUT           add_3831_11
Route         1   e 0.020                                  n16681
FCI_TO_FCO  ---     0.051            CIN to COUT           add_3831_13
Route         1   e 0.020                                  n16682
FCI_TO_FCO  ---     0.051            CIN to COUT           add_3831_15
Route         1   e 0.020                                  n16683
FCI_TO_FCO  ---     0.051            CIN to COUT           add_3831_17
Route         1   e 0.020                                  n16684
FCI_TO_F    ---     0.322            CIN to S[2]           add_3831_19
Route         6   e 1.478                                  d_out_d_11__N_1892[17]
A1_TO_FCO   ---     0.329           A[2] to COUT           add_3827_1
Route         1   e 0.020                                  n16579
FCI_TO_FCO  ---     0.051            CIN to COUT           add_3827_3
Route         1   e 0.020                                  n16580
FCI_TO_FCO  ---     0.051            CIN to COUT           add_3827_5
Route         1   e 0.020                                  n16581
FCI_TO_FCO  ---     0.051            CIN to COUT           add_3827_7
Route         1   e 0.020                                  n16582
FCI_TO_FCO  ---     0.051            CIN to COUT           add_3827_9
Route         1   e 0.020                                  n16583
FCI_TO_FCO  ---     0.051            CIN to COUT           add_3827_11
Route         1   e 0.020                                  n16584
FCI_TO_FCO  ---     0.051            CIN to COUT           add_3827_13
Route         1   e 0.020                                  n16585
FCI_TO_FCO  ---     0.051            CIN to COUT           add_3827_15
Route         1   e 0.020                                  n16586
FCI_TO_F    ---     0.322            CIN to S[2]           add_3827_17
Route         1   e 1.020                                  d_out_d_11__N_2401[17]
LUT4        ---     0.166              B to Z              \AMDemodulator_inst/mux_81_i1_3_lut
Route         1   e 1.020                                  \AMDemodulator_inst/d_out_d_11__N_1894[17]
                  --------
                   37.559  (24.4% logic, 75.6% route), 76 logic levels.

Warning: 37.384 ns is the maximum delay for this constraint.



================================================================================
Constraint: create_clock -period 5.000000 -name clk0 [get_nets clk_80mhz]
            4096 items scored, 4096 timing errors detected.
--------------------------------------------------------------------------------


Error:  The following path violates requirements by 6.707ns

 Logical Details:  Cell type  Pin type       Cell name  (clock net +/-)

   Source:         FD1S3AX    CK             o_Rx_Byte_i7  (from clk_80mhz +)
   Destination:    FD1P3AX    D              phase_inc_carrGen_i0_i63  (to clk_80mhz +)

   Delay:                  11.882ns  (26.2% logic, 73.8% route), 35 logic levels.

 Constraint Details:

     11.882ns data_path o_Rx_Byte_i7 to phase_inc_carrGen_i0_i63 violates
      5.000ns delay constraint less
     -0.175ns L_S requirement (totaling 5.175ns) by 6.707ns

 Path Details: o_Rx_Byte_i7 to phase_inc_carrGen_i0_i63

   Name    Fanout   Delay (ns)          Pins               Resource(Cell.Net)
L_CO        ---     0.365             CK to Q              o_Rx_Byte_i7 (from clk_80mhz)
Route         8   e 1.535                                  led_c_6
LUT4        ---     0.166              D to Z              i5414_2_lut_rep_168_4_lut
Route         6   e 1.378                                  n17940
LUT4        ---     0.166              B to Z              i1_4_lut
Route         8   e 1.435                                  n17069
LUT4        ---     0.166              B to Z              i348_2_lut_rep_153_3_lut_3_lut
Route        51   e 1.806                                  n17925
LUT4        ---     0.166              C to Z              mux_325_i5_4_lut
Route         1   e 1.020                                  n2367
A1_TO_FCO   ---     0.329           C[2] to COUT           add_3828_7
Route         1   e 0.020                                  n16615
FCI_TO_FCO  ---     0.051            CIN to COUT           add_3828_9
Route         1   e 0.020                                  n16616
FCI_TO_FCO  ---     0.051            CIN to COUT           add_3828_11
Route         1   e 0.020                                  n16617
FCI_TO_FCO  ---     0.051            CIN to COUT           add_3828_13
Route         1   e 0.020                                  n16618
FCI_TO_FCO  ---     0.051            CIN to COUT           add_3828_15
Route         1   e 0.020                                  n16619
FCI_TO_FCO  ---     0.051            CIN to COUT           add_3828_17
Route         1   e 0.020                                  n16620
FCI_TO_FCO  ---     0.051            CIN to COUT           add_3828_19
Route         1   e 0.020                                  n16621
FCI_TO_FCO  ---     0.051            CIN to COUT           add_3828_21
Route         1   e 0.020                                  n16622
FCI_TO_FCO  ---     0.051            CIN to COUT           add_3828_23
Route         1   e 0.020                                  n16623
FCI_TO_FCO  ---     0.051            CIN to COUT           add_3828_25
Route         1   e 0.020                                  n16624
FCI_TO_FCO  ---     0.051            CIN to COUT           add_3828_27
Route         1   e 0.020                                  n16625
FCI_TO_FCO  ---     0.051            CIN to COUT           add_3828_29
Route         1   e 0.020                                  n16626
FCI_TO_FCO  ---     0.051            CIN to COUT           add_3828_31
Route         1   e 0.020                                  n16627
FCI_TO_FCO  ---     0.051            CIN to COUT           add_3828_33
Route         1   e 0.020                                  n16628
FCI_TO_FCO  ---     0.051            CIN to COUT           add_3828_35
Route         1   e 0.020                                  n16629
FCI_TO_FCO  ---     0.051            CIN to COUT           add_3828_37
Route         1   e 0.020                                  n16630
FCI_TO_FCO  ---     0.051            CIN to COUT           add_3828_39
Route         1   e 0.020                                  n16631
FCI_TO_FCO  ---     0.051            CIN to COUT           add_3828_41
Route         1   e 0.020                                  n16632
FCI_TO_FCO  ---     0.051            CIN to COUT           add_3828_43
Route         1   e 0.020                                  n16633
FCI_TO_FCO  ---     0.051            CIN to COUT           add_3828_45
Route         1   e 0.020                                  n16634
FCI_TO_FCO  ---     0.051            CIN to COUT           add_3828_47
Route         1   e 0.020                                  n16635
FCI_TO_FCO  ---     0.051            CIN to COUT           add_3828_49
Route         1   e 0.020                                  n16636
FCI_TO_FCO  ---     0.051            CIN to COUT           add_3828_51
Route         1   e 0.020                                  n16637
FCI_TO_FCO  ---     0.051            CIN to COUT           add_3828_53
Route         1   e 0.020                                  n16638
FCI_TO_FCO  ---     0.051            CIN to COUT           add_3828_55
Route         1   e 0.020                                  n16639
FCI_TO_FCO  ---     0.051            CIN to COUT           add_3828_57
Route         1   e 0.020                                  n16640
FCI_TO_FCO  ---     0.051            CIN to COUT           add_3828_59
Route         1   e 0.020                                  n16641
FCI_TO_FCO  ---     0.051            CIN to COUT           add_3828_61
Route         1   e 0.020                                  n16642
FCI_TO_FCO  ---     0.051            CIN to COUT           add_3828_63
Route         1   e 0.020                                  n16643
FCI_TO_F    ---     0.322            CIN to S[2]           add_3828_65
Route         1   e 1.020                                  n134_adj_5111
                  --------
                   11.882  (26.2% logic, 73.8% route), 35 logic levels.


Error:  The following path violates requirements by 6.707ns

 Logical Details:  Cell type  Pin type       Cell name  (clock net +/-)

   Source:         FD1S3AX    CK             o_Rx_Byte_i7  (from clk_80mhz +)
   Destination:    FD1P3AX    D              phase_inc_carrGen_i0_i63  (to clk_80mhz +)

   Delay:                  11.882ns  (26.2% logic, 73.8% route), 35 logic levels.

 Constraint Details:

     11.882ns data_path o_Rx_Byte_i7 to phase_inc_carrGen_i0_i63 violates
      5.000ns delay constraint less
     -0.175ns L_S requirement (totaling 5.175ns) by 6.707ns

 Path Details: o_Rx_Byte_i7 to phase_inc_carrGen_i0_i63

   Name    Fanout   Delay (ns)          Pins               Resource(Cell.Net)
L_CO        ---     0.365             CK to Q              o_Rx_Byte_i7 (from clk_80mhz)
Route         8   e 1.535                                  led_c_6
LUT4        ---     0.166              D to Z              i5414_2_lut_rep_168_4_lut
Route         6   e 1.378                                  n17940
LUT4        ---     0.166              B to Z              i1_4_lut
Route         8   e 1.435                                  n17069
LUT4        ---     0.166              B to Z              i348_2_lut_rep_153_3_lut_3_lut
Route        51   e 1.806                                  n17925
LUT4        ---     0.166              C to Z              mux_325_i6_4_lut
Route         1   e 1.020                                  n2366
A1_TO_FCO   ---     0.329           C[2] to COUT           add_3828_7
Route         1   e 0.020                                  n16615
FCI_TO_FCO  ---     0.051            CIN to COUT           add_3828_9
Route         1   e 0.020                                  n16616
FCI_TO_FCO  ---     0.051            CIN to COUT           add_3828_11
Route         1   e 0.020                                  n16617
FCI_TO_FCO  ---     0.051            CIN to COUT           add_3828_13
Route         1   e 0.020                                  n16618
FCI_TO_FCO  ---     0.051            CIN to COUT           add_3828_15
Route         1   e 0.020                                  n16619
FCI_TO_FCO  ---     0.051            CIN to COUT           add_3828_17
Route         1   e 0.020                                  n16620
FCI_TO_FCO  ---     0.051            CIN to COUT           add_3828_19
Route         1   e 0.020                                  n16621
FCI_TO_FCO  ---     0.051            CIN to COUT           add_3828_21
Route         1   e 0.020                                  n16622
FCI_TO_FCO  ---     0.051            CIN to COUT           add_3828_23
Route         1   e 0.020                                  n16623
FCI_TO_FCO  ---     0.051            CIN to COUT           add_3828_25
Route         1   e 0.020                                  n16624
FCI_TO_FCO  ---     0.051            CIN to COUT           add_3828_27
Route         1   e 0.020                                  n16625
FCI_TO_FCO  ---     0.051            CIN to COUT           add_3828_29
Route         1   e 0.020                                  n16626
FCI_TO_FCO  ---     0.051            CIN to COUT           add_3828_31
Route         1   e 0.020                                  n16627
FCI_TO_FCO  ---     0.051            CIN to COUT           add_3828_33
Route         1   e 0.020                                  n16628
FCI_TO_FCO  ---     0.051            CIN to COUT           add_3828_35
Route         1   e 0.020                                  n16629
FCI_TO_FCO  ---     0.051            CIN to COUT           add_3828_37
Route         1   e 0.020                                  n16630
FCI_TO_FCO  ---     0.051            CIN to COUT           add_3828_39
Route         1   e 0.020                                  n16631
FCI_TO_FCO  ---     0.051            CIN to COUT           add_3828_41
Route         1   e 0.020                                  n16632
FCI_TO_FCO  ---     0.051            CIN to COUT           add_3828_43
Route         1   e 0.020                                  n16633
FCI_TO_FCO  ---     0.051            CIN to COUT           add_3828_45
Route         1   e 0.020                                  n16634
FCI_TO_FCO  ---     0.051            CIN to COUT           add_3828_47
Route         1   e 0.020                                  n16635
FCI_TO_FCO  ---     0.051            CIN to COUT           add_3828_49
Route         1   e 0.020                                  n16636
FCI_TO_FCO  ---     0.051            CIN to COUT           add_3828_51
Route         1   e 0.020                                  n16637
FCI_TO_FCO  ---     0.051            CIN to COUT           add_3828_53
Route         1   e 0.020                                  n16638
FCI_TO_FCO  ---     0.051            CIN to COUT           add_3828_55
Route         1   e 0.020                                  n16639
FCI_TO_FCO  ---     0.051            CIN to COUT           add_3828_57
Route         1   e 0.020                                  n16640
FCI_TO_FCO  ---     0.051            CIN to COUT           add_3828_59
Route         1   e 0.020                                  n16641
FCI_TO_FCO  ---     0.051            CIN to COUT           add_3828_61
Route         1   e 0.020                                  n16642
FCI_TO_FCO  ---     0.051            CIN to COUT           add_3828_63
Route         1   e 0.020                                  n16643
FCI_TO_F    ---     0.322            CIN to S[2]           add_3828_65
Route         1   e 1.020                                  n134_adj_5111
                  --------
                   11.882  (26.2% logic, 73.8% route), 35 logic levels.


Error:  The following path violates requirements by 6.707ns

 Logical Details:  Cell type  Pin type       Cell name  (clock net +/-)

   Source:         FD1S3AX    CK             o_Rx_Byte_i7  (from clk_80mhz +)
   Destination:    FD1P3AX    D              phase_inc_carrGen_i0_i62  (to clk_80mhz +)

   Delay:                  11.882ns  (26.2% logic, 73.8% route), 35 logic levels.

 Constraint Details:

     11.882ns data_path o_Rx_Byte_i7 to phase_inc_carrGen_i0_i62 violates
      5.000ns delay constraint less
     -0.175ns L_S requirement (totaling 5.175ns) by 6.707ns

 Path Details: o_Rx_Byte_i7 to phase_inc_carrGen_i0_i62

   Name    Fanout   Delay (ns)          Pins               Resource(Cell.Net)
L_CO        ---     0.365             CK to Q              o_Rx_Byte_i7 (from clk_80mhz)
Route         8   e 1.535                                  led_c_6
LUT4        ---     0.166              D to Z              i5414_2_lut_rep_168_4_lut
Route         6   e 1.378                                  n17940
LUT4        ---     0.166              B to Z              i1_4_lut
Route         8   e 1.435                                  n17069
LUT4        ---     0.166              B to Z              i348_2_lut_rep_153_3_lut_3_lut
Route        51   e 1.806                                  n17925
LUT4        ---     0.166              C to Z              mux_325_i5_4_lut
Route         1   e 1.020                                  n2367
A1_TO_FCO   ---     0.329           C[2] to COUT           add_3828_7
Route         1   e 0.020                                  n16615
FCI_TO_FCO  ---     0.051            CIN to COUT           add_3828_9
Route         1   e 0.020                                  n16616
FCI_TO_FCO  ---     0.051            CIN to COUT           add_3828_11
Route         1   e 0.020                                  n16617
FCI_TO_FCO  ---     0.051            CIN to COUT           add_3828_13
Route         1   e 0.020                                  n16618
FCI_TO_FCO  ---     0.051            CIN to COUT           add_3828_15
Route         1   e 0.020                                  n16619
FCI_TO_FCO  ---     0.051            CIN to COUT           add_3828_17
Route         1   e 0.020                                  n16620
FCI_TO_FCO  ---     0.051            CIN to COUT           add_3828_19
Route         1   e 0.020                                  n16621
FCI_TO_FCO  ---     0.051            CIN to COUT           add_3828_21
Route         1   e 0.020                                  n16622
FCI_TO_FCO  ---     0.051            CIN to COUT           add_3828_23
Route         1   e 0.020                                  n16623
FCI_TO_FCO  ---     0.051            CIN to COUT           add_3828_25
Route         1   e 0.020                                  n16624
FCI_TO_FCO  ---     0.051            CIN to COUT           add_3828_27
Route         1   e 0.020                                  n16625
FCI_TO_FCO  ---     0.051            CIN to COUT           add_3828_29
Route         1   e 0.020                                  n16626
FCI_TO_FCO  ---     0.051            CIN to COUT           add_3828_31
Route         1   e 0.020                                  n16627
FCI_TO_FCO  ---     0.051            CIN to COUT           add_3828_33
Route         1   e 0.020                                  n16628
FCI_TO_FCO  ---     0.051            CIN to COUT           add_3828_35
Route         1   e 0.020                                  n16629
FCI_TO_FCO  ---     0.051            CIN to COUT           add_3828_37
Route         1   e 0.020                                  n16630
FCI_TO_FCO  ---     0.051            CIN to COUT           add_3828_39
Route         1   e 0.020                                  n16631
FCI_TO_FCO  ---     0.051            CIN to COUT           add_3828_41
Route         1   e 0.020                                  n16632
FCI_TO_FCO  ---     0.051            CIN to COUT           add_3828_43
Route         1   e 0.020                                  n16633
FCI_TO_FCO  ---     0.051            CIN to COUT           add_3828_45
Route         1   e 0.020                                  n16634
FCI_TO_FCO  ---     0.051            CIN to COUT           add_3828_47
Route         1   e 0.020                                  n16635
FCI_TO_FCO  ---     0.051            CIN to COUT           add_3828_49
Route         1   e 0.020                                  n16636
FCI_TO_FCO  ---     0.051            CIN to COUT           add_3828_51
Route         1   e 0.020                                  n16637
FCI_TO_FCO  ---     0.051            CIN to COUT           add_3828_53
Route         1   e 0.020                                  n16638
FCI_TO_FCO  ---     0.051            CIN to COUT           add_3828_55
Route         1   e 0.020                                  n16639
FCI_TO_FCO  ---     0.051            CIN to COUT           add_3828_57
Route         1   e 0.020                                  n16640
FCI_TO_FCO  ---     0.051            CIN to COUT           add_3828_59
Route         1   e 0.020                                  n16641
FCI_TO_FCO  ---     0.051            CIN to COUT           add_3828_61
Route         1   e 0.020                                  n16642
FCI_TO_FCO  ---     0.051            CIN to COUT           add_3828_63
Route         1   e 0.020                                  n16643
FCI_TO_F    ---     0.322            CIN to S[2]           add_3828_65
Route         1   e 1.020                                  n137
                  --------
                   11.882  (26.2% logic, 73.8% route), 35 logic levels.

Warning: 11.707 ns is the maximum delay for this constraint.


Timing Report Summary
--------------
--------------------------------------------------------------------------------
Constraint                              |   Constraint|       Actual|Levels
--------------------------------------------------------------------------------
                                        |             |             |
create_clock -period 5.000000 -name     |             |             |
clk2 [get_nets \uart_rx_inst/UartClk[2]]|     5.000 ns|     9.508 ns|     7 *
                                        |             |             |
create_clock -period 5.000000 -name     |             |             |
clk1 [get_nets CIC1_out_clkSin]         |     5.000 ns|    37.384 ns|    76 *
                                        |             |             |
create_clock -period 5.000000 -name     |             |             |
clk0 [get_nets clk_80mhz]               |     5.000 ns|    11.707 ns|    35 *
                                        |             |             |
--------------------------------------------------------------------------------


3 constraints not met.

--------------------------------------------------------------------------------
Critical Nets                           |   Loads|  Errors| % of total
--------------------------------------------------------------------------------
ISquare[31]                             |      48|    4096|     43.85%
                                        |        |        |
\AMDemodulator_inst/d_out_d_11__N_1894[1|        |        |
7]                                      |       1|    4096|     43.85%
                                        |        |        |
d_out_d_11__N_1873                      |       2|    4096|     43.85%
                                        |        |        |
d_out_d_11__N_1874[17]                  |      22|    4096|     43.85%
                                        |        |        |
d_out_d_11__N_1875                      |       3|    4096|     43.85%
                                        |        |        |
d_out_d_11__N_1876[17]                  |      23|    4096|     43.85%
                                        |        |        |
d_out_d_11__N_1877                      |       3|    4096|     43.85%
                                        |        |        |
d_out_d_11__N_1878[17]                  |      24|    4096|     43.85%
                                        |        |        |
d_out_d_11__N_1879                      |       3|    4096|     43.85%
                                        |        |        |
d_out_d_11__N_1880[17]                  |      25|    4096|     43.85%
                                        |        |        |
d_out_d_11__N_1882[17]                  |      24|    4096|     43.85%
                                        |        |        |
d_out_d_11__N_1884[17]                  |      23|    4096|     43.85%
                                        |        |        |
d_out_d_11__N_1886[17]                  |      22|    4096|     43.85%
                                        |        |        |
d_out_d_11__N_1888[17]                  |      21|    4096|     43.85%
                                        |        |        |
d_out_d_11__N_1890[17]                  |      20|    4096|     43.85%
                                        |        |        |
d_out_d_11__N_1892[17]                  |       6|    4096|     43.85%
                                        |        |        |
n15500                                  |       1|    4096|     43.85%
                                        |        |        |
n15501                                  |       1|    4096|     43.85%
                                        |        |        |
n15502                                  |       1|    4096|     43.85%
                                        |        |        |
n15503                                  |       1|    4096|     43.85%
                                        |        |        |
n15504                                  |       1|    4096|     43.85%
                                        |        |        |
n15505                                  |       1|    4096|     43.85%
                                        |        |        |
n16546                                  |       1|    4096|     43.85%
                                        |        |        |
n16547                                  |       1|    4096|     43.85%
                                        |        |        |
n16548                                  |       1|    4096|     43.85%
                                        |        |        |
n16549                                  |       1|    4096|     43.85%
                                        |        |        |
n16550                                  |       1|    4096|     43.85%
                                        |        |        |
n16551                                  |       1|    4096|     43.85%
                                        |        |        |
n16607                                  |       1|    4096|     43.85%
                                        |        |        |
n16652                                  |       1|    4096|     43.85%
                                        |        |        |
n16653                                  |       1|    4096|     43.85%
                                        |        |        |
n16654                                  |       1|    4096|     43.85%
                                        |        |        |
n16655                                  |       1|    4096|     43.85%
                                        |        |        |
n16656                                  |       1|    4096|     43.85%
                                        |        |        |
n16657                                  |       1|    4096|     43.85%
                                        |        |        |
n16679                                  |       1|    4096|     43.85%
                                        |        |        |
n16680                                  |       1|    4096|     43.85%
                                        |        |        |
n16681                                  |       1|    4096|     43.85%
                                        |        |        |
n16682                                  |       1|    4096|     43.85%
                                        |        |        |
n16683                                  |       1|    4096|     43.85%
                                        |        |        |
n16684                                  |       1|    4096|     43.85%
                                        |        |        |
n16693                                  |       1|    4096|     43.85%
                                        |        |        |
n16694                                  |       1|    4096|     43.85%
                                        |        |        |
n16695                                  |       1|    4096|     43.85%
                                        |        |        |
n16696                                  |       1|    4096|     43.85%
                                        |        |        |
n16697                                  |       1|    4096|     43.85%
                                        |        |        |
n16698                                  |       1|    4096|     43.85%
                                        |        |        |
n16629                                  |       1|    4059|     43.46%
                                        |        |        |
n16630                                  |       1|    4037|     43.22%
                                        |        |        |
n16628                                  |       1|    4035|     43.20%
                                        |        |        |
n15499                                  |       1|    4000|     42.83%
                                        |        |        |
n16545                                  |       1|    4000|     42.83%
                                        |        |        |
n16651                                  |       1|    4000|     42.83%
                                        |        |        |
n16678                                  |       1|    4000|     42.83%
                                        |        |        |
n16692                                  |       1|    4000|     42.83%
                                        |        |        |
n16631                                  |       1|    3981|     42.62%
                                        |        |        |
n16627                                  |       1|    3975|     42.56%
                                        |        |        |
n16632                                  |       1|    3891|     41.66%
                                        |        |        |
n16626                                  |       1|    3879|     41.53%
                                        |        |        |
n16633                                  |       1|    3775|     40.42%
                                        |        |        |
n16625                                  |       1|    3750|     40.15%
                                        |        |        |
n15498                                  |       1|    3736|     40.00%
                                        |        |        |
n16544                                  |       1|    3726|     39.89%
                                        |        |        |
n16691                                  |       1|    3720|     39.83%
                                        |        |        |
n16650                                  |       1|    3708|     39.70%
                                        |        |        |
n16677                                  |       1|    3696|     39.57%
                                        |        |        |
n16634                                  |       1|    3633|     38.90%
                                        |        |        |
n16624                                  |       1|    3586|     38.39%
                                        |        |        |
n16635                                  |       1|    3463|     37.08%
                                        |        |        |
n17069                                  |       8|    3431|     36.73%
                                        |        |        |
n17940                                  |       6|    3431|     36.73%
                                        |        |        |
n16623                                  |       1|    3390|     36.30%
                                        |        |        |
n16622                                  |       1|    3256|     34.86%
                                        |        |        |
n16636                                  |       1|    3255|     34.85%
                                        |        |        |
n16621                                  |       1|    3092|     33.10%
                                        |        |        |
n16637                                  |       1|    3005|     32.17%
                                        |        |        |
n16605                                  |       1|    2992|     32.03%
                                        |        |        |
n16606                                  |       1|    2992|     32.03%
                                        |        |        |
n16649                                  |       1|    2858|     30.60%
                                        |        |        |
n16676                                  |       1|    2858|     30.60%
                                        |        |        |
n16690                                  |       1|    2858|     30.60%
                                        |        |        |
n15497                                  |       1|    2854|     30.56%
                                        |        |        |
n16543                                  |       1|    2854|     30.56%
                                        |        |        |
n213_adj_4637                           |       3|    2838|     30.39%
                                        |        |        |
n16603                                  |       1|    2838|     30.39%
                                        |        |        |
n16604                                  |       1|    2838|     30.39%
                                        |        |        |
n16620                                  |       1|    2782|     29.79%
                                        |        |        |
n16638                                  |       1|    2711|     29.03%
                                        |        |        |
n16619                                  |       1|    2398|     25.67%
                                        |        |        |
n16639                                  |       1|    2375|     25.43%
                                        |        |        |
d_out_d_11__N_2383[17]                  |       1|    2240|     23.98%
                                        |        |        |
n15413                                  |       1|    2240|     23.98%
                                        |        |        |
n15414                                  |       1|    2240|     23.98%
                                        |        |        |
n15415                                  |       1|    2240|     23.98%
                                        |        |        |
n15416                                  |       1|    2240|     23.98%
                                        |        |        |
n15417                                  |       1|    2240|     23.98%
                                        |        |        |
n15418                                  |       1|    2240|     23.98%
                                        |        |        |
n15419                                  |       1|    2240|     23.98%
                                        |        |        |
n15420                                  |       1|    2240|     23.98%
                                        |        |        |
n16618                                  |       1|    2000|     21.41%
                                        |        |        |
n16640                                  |       1|    1989|     21.30%
                                        |        |        |
d_out_d_11__N_2401[17]                  |       1|    1856|     19.87%
                                        |        |        |
n16580                                  |       1|    1856|     19.87%
                                        |        |        |
n16581                                  |       1|    1856|     19.87%
                                        |        |        |
n16582                                  |       1|    1856|     19.87%
                                        |        |        |
n16583                                  |       1|    1856|     19.87%
                                        |        |        |
n16584                                  |       1|    1856|     19.87%
                                        |        |        |
n16585                                  |       1|    1856|     19.87%
                                        |        |        |
n16586                                  |       1|    1856|     19.87%
                                        |        |        |
n17925                                  |      51|    1770|     18.95%
                                        |        |        |
n16617                                  |       1|    1700|     18.20%
                                        |        |        |
n16641                                  |       1|    1560|     16.70%
                                        |        |        |
n2572                                   |      45|    1417|     15.17%
                                        |        |        |
n16579                                  |       1|    1408|     15.07%
                                        |        |        |
n16616                                  |       1|    1164|     12.46%
                                        |        |        |
n17938                                  |      12|    1104|     11.82%
                                        |        |        |
n16642                                  |       1|    1088|     11.65%
                                        |        |        |
led_c_6                                 |       8|    1036|     11.09%
                                        |        |        |
led_c_5                                 |       4|     971|     10.40%
                                        |        |        |
led_c_7                                 |       4|     970|     10.39%
                                        |        |        |
--------------------------------------------------------------------------------


Timing summary:
---------------

Timing errors: 9340  Score: 158006693

Constraints cover >4294967295 paths, 7451 nets, and 14608 connections (84.3% coverage)


Peak memory: 347713536 bytes, TRCE: 21749760 bytes, DLYMAN: 0 bytes
CPU_TIME_REPORT: 1 secs 
