
Loading design for application trce from file CIC_First_Implementation.ncd.
Design name: cic
NCD version: 3.3
Vendor:      LATTICE
Device:      LFE5U-85F
Package:     CABGA381
Performance: 6
Loading device for application trce from file 'sa5p85.nph' in environment: /home/user/FPGA/tools/diamond/usr/local/diamond/3.13/ispfpga.
Package Status:                     Final          Version 1.37.
Performance Hardware Data Status:   Final          Version 55.1.
Setup and Hold Report

--------------------------------------------------------------------------------
Lattice TRACE Report - Setup, Version Diamond (64-bit) 3.13.0.56.2
Sun May 26 11:45:28 2024

Copyright (c) 1991-1994 by NeoCAD Inc. All rights reserved.
Copyright (c) 1995 AT&T Corp.   All rights reserved.
Copyright (c) 1995-2001 Lucent Technologies Inc.  All rights reserved.
Copyright (c) 2001 Agere Systems   All rights reserved.
Copyright (c) 2002-2023 Lattice Semiconductor Corporation,  All rights reserved.

Report Information
------------------
Command line:    trce -v 10 -gt -sethld -sp 6 -sphld m -o CIC_First_Implementation.twr -gui CIC_First_Implementation.ncd CIC_First_Implementation.prf 
Design file:     CIC_First_Implementation.ncd
Preference file: CIC_First_Implementation.prf
Device,speed:    LFE5U-85F,6
Report level:    verbose report, limited to 10 items per preference
--------------------------------------------------------------------------------

BLOCK ASYNCPATHS
BLOCK RESETPATHS
--------------------------------------------------------------------------------



================================================================================
Preference: Default path enumeration
            0 items scored, 0 timing errors detected.
--------------------------------------------------------------------------------


================================================================================
Preference: Default net enumeration
            0 items scored, 0 timing errors detected.
--------------------------------------------------------------------------------

Report Summary
--------------
----------------------------------------------------------------------------
Preference                              |   Constraint|       Actual|Levels
----------------------------------------------------------------------------
                                        |             |             |
Default path enumeration                |            -|            -|   0  
                                        |             |             |
Default net enumeration                 |            -|            -|   0  
                                        |             |             |
----------------------------------------------------------------------------


All preferences were met.


Clock Domains Analysis
------------------------

Found 0 clocks:


Timing summary (Setup):
---------------

Timing errors: 0  Score: 0
Cumulative negative slack: 0

Constraints cover 0 paths, 0 nets, and 0 connections (100.00% coverage)

--------------------------------------------------------------------------------

