Running in Lattice mode

                               Synplify Pro (R) 

               Version U-2023.03L-SP1 for linux64 - Aug 10, 2023 

                    Copyright (c) 1988 - 2023 Synopsys, Inc.
   This software and the associated documentation are proprietary to Synopsys,
 Inc. This software may only be used in accordance with the terms and conditions
 of a written license agreement with Synopsys, Inc. All other use, reproduction,
   or distribution of this software is strictly prohibited.  Licensed Products
     communicate with Synopsys servers for the purpose of providing software
    updates, detecting software piracy and verifying that customers are using
    Licensed Products in conformity with the applicable License Key for such
  Licensed Products. Synopsys will use information gathered in connection with
    this process to deliver software updates and pursue software pirates and
                                   infringers.

 Inclusivity & Diversity - Visit SolvNetPlus to read the "Synopsys Statement on
            Inclusivity and Diversity" (Refer to article 000036315 at
                        https://solvnetplus.synopsys.com)

Starting:    /home/user/FPGA/tools/diamond/usr/local/diamond/3.13/synpbase/linux_a_64/mbin/synbatch
Install:     /home/user/FPGA/tools/diamond/usr/local/diamond/3.13/synpbase
Hostname:    user-HP-ProBook-450-G5
Date:        Thu Oct 31 11:22:37 2024
Version:     U-2023.03L-SP1

Arguments:   -product synplify_base -batch onebitsdr_project_synplify.tcl
ProductType: synplify_pro




log file: "/home/user/SDR-HLS/1.RTLImplementation/3.build/build/project/onebitsdr_project.srr"
Running: project in foreground

Running proj_1|project

Running Flow: compile (Compile) on proj_1|project
# Thu Oct 31 11:22:37 2024

Running Flow: compile_flow (Compile Process) on proj_1|project
# Thu Oct 31 11:22:37 2024

Running: compiler (Compile Input) on proj_1|project
# Thu Oct 31 11:22:37 2024
Process ID: 299950
Copied /home/user/SDR-HLS/1.RTLImplementation/3.build/build/project/synwork/onebitsdr_project_comp.srs to /home/user/SDR-HLS/1.RTLImplementation/3.build/build/project/onebitsdr_project.srs

compiler completed
# Thu Oct 31 11:22:42 2024

Return Code: 0
Run Time:00h:00m:04s

Running: multi_srs_gen (Multi-srs Generator) on proj_1|project
# Thu Oct 31 11:22:42 2024
Process ID: 300049

multi_srs_gen completed
# Thu Oct 31 11:22:42 2024

Return Code: 0
Run Time:00h:00m:00s
Copied /home/user/SDR-HLS/1.RTLImplementation/3.build/build/project/synwork/onebitsdr_project_mult.srs to /home/user/SDR-HLS/1.RTLImplementation/3.build/build/project/onebitsdr_project.srs
Copied /home/user/SDR-HLS/1.RTLImplementation/3.build/build/project/onebitsdr_project.srr to /home/user/SDR-HLS/1.RTLImplementation/3.build/build/project/onebitsdr_project.srf
Complete: Compile Process on proj_1|project

Running: premap (Premap) on proj_1|project
# Thu Oct 31 11:22:42 2024
Process ID: 300064

premap completed with warnings
# Thu Oct 31 11:22:44 2024

Return Code: 1
Run Time:00h:00m:02s
Complete: Compile on proj_1|project

Running Flow: map (Map) on proj_1|project
# Thu Oct 31 11:22:44 2024
License granted for 4 parallel jobs

Running: fpga_mapper (Map & Optimize) on proj_1|project
# Thu Oct 31 11:22:44 2024
Process ID: 300091
Copied /home/user/SDR-HLS/1.RTLImplementation/3.build/build/project/synwork/onebitsdr_project_m.srm to /home/user/SDR-HLS/1.RTLImplementation/3.build/build/project/onebitsdr_project.srm

fpga_mapper completed with warnings
# Thu Oct 31 11:23:11 2024

Return Code: 1
Run Time:00h:00m:27s
Complete: Map on proj_1|project
Copied /home/user/SDR-HLS/1.RTLImplementation/3.build/build/project/onebitsdr_project.srr to /home/user/SDR-HLS/1.RTLImplementation/3.build/build/project/onebitsdr_project.srf
Complete: Logic Synthesis on proj_1|project
TCL script complete: "onebitsdr_project_synplify.tcl"
exit status=0
exit status=0
Save changes for project:
/home/user/SDR-HLS/1.RTLImplementation/3.build/build/project/proj_1.prj
batch mode default:no
