
Copyright (C) 1994-2023 Synopsys, Inc.
This Synopsys software and all associated documentation are proprietary to Synopsys, Inc.
and may only be used pursuant to the terms and conditions of a written license agreement
with Synopsys, Inc. All other use, reproduction, modification, or distribution of the
Synopsys software or the associated documentation is strictly prohibited.
Tool: Synplify Pro (R)
Build: U-2023.03L-SP1
Install: /home/user/FPGA/tools/diamond/usr/local/diamond/3.13/synpbase
OS: Ubuntu 22.04.4 LTS
Hostname: user-HP-ProBook-450-G5
max virtual memory: unlimited (bytes)
max user processes: 47069
max stack size: unlimited (bytes)


Implementation : First_Implementation
Synopsys HDL compiler and linker, Version comp202303synp1, Build 155R, Built Aug 10 2023 09:58:08, @4875095

Modified Files: 1
FID:  path (prevtimestamp, timestamp)
5        /home/user/SDR-HLS/New Modules/MyCIC/First_Implementation/source/cic.sv (2024-05-26 11:44:06, 2024-05-26 11:45:05)

*******************************************************************
Modules that may have changed as a result of file changes: 4
MID:  lib.cell.view
0        work.cic.verilog may have changed because the following files changed:
                        /home/user/SDR-HLS/New Modules/MyCIC/First_Implementation/source/cic.sv (2024-05-26 11:44:06, 2024-05-26 11:45:05) <-- (module definition)
1        work.comb.verilog may have changed because the following files changed:
                        /home/user/SDR-HLS/New Modules/MyCIC/First_Implementation/source/cic.sv (2024-05-26 11:44:06, 2024-05-26 11:45:05) <-- (may instantiate this module)
2        work.decimator.verilog may have changed because the following files changed:
                        /home/user/SDR-HLS/New Modules/MyCIC/First_Implementation/source/cic.sv (2024-05-26 11:44:06, 2024-05-26 11:45:05) <-- (may instantiate this module)
3        work.integrator.verilog may have changed because the following files changed:
                        /home/user/SDR-HLS/New Modules/MyCIC/First_Implementation/source/cic.sv (2024-05-26 11:44:06, 2024-05-26 11:45:05) <-- (may instantiate this module)

*******************************************************************
Unmodified files: 8
FID:  path (timestamp)
0        /home/user/FPGA/tools/diamond/usr/local/diamond/3.13/synpbase/lib/lucent/ecp5u.v (2023-08-10 19:00:08)
1        /home/user/FPGA/tools/diamond/usr/local/diamond/3.13/synpbase/lib/lucent/pmi_def.v (2023-08-10 19:00:09)
2        /home/user/FPGA/tools/diamond/usr/local/diamond/3.13/synpbase/lib/vlog/hypermods.v (2023-08-10 18:51:57)
3        /home/user/FPGA/tools/diamond/usr/local/diamond/3.13/synpbase/lib/vlog/scemi_objects.v (2023-08-10 18:51:57)
4        /home/user/FPGA/tools/diamond/usr/local/diamond/3.13/synpbase/lib/vlog/scemi_pipes.svh (2023-08-10 18:51:57)
6        /home/user/SDR-HLS/New Modules/MyCIC/First_Implementation/source/comb.sv (2024-05-26 11:43:27)
7        /home/user/SDR-HLS/New Modules/MyCIC/First_Implementation/source/decimator.sv (2024-04-20 02:08:43)
8        /home/user/SDR-HLS/New Modules/MyCIC/First_Implementation/source/integrator.sv (2024-04-19 11:25:44)

*******************************************************************
Unchanged modules: 0
MID:  lib.cell.view
